#
# There is insufficient memory for the Java Runtime Environment to continue.
# Native memory allocation (malloc) failed to allocate 727296 bytes for Chunk::new
# Possible reasons:
#   The system is out of physical RAM or swap space
#   The process is running with CompressedOops enabled, and the Java Heap may be blocking the growth of the native heap
# Possible solutions:
#   Reduce memory load on the system
#   Increase physical memory or swap space
#   Check if swap backing store is full
#   Decrease Java heap size (-Xmx/-Xms)
#   Decrease number of Java threads
#   Decrease Java thread stack sizes (-Xss)
#   Set larger code cache with -XX:ReservedCodeCacheSize=
#   JVM is running with Unscaled Compressed Oops mode in which the Java heap is
#     placed in the first 4GB address space. The Java Heap base address is the
#     maximum limit for the native heap growth. Please use -XX:HeapBaseMinAddress
#     to set the Java Heap base and to place the Java Heap above 4GB virtual address.
# This output file may be truncated or incomplete.
#
#  Out of Memory Error (allocation.cpp:389), pid=14468, tid=0x0000000000003ab8
#
# JRE version: OpenJDK Runtime Environment (8.0_242-b01) (build 1.8.0_242-release-1644-b01)
# Java VM: OpenJDK 64-Bit Server VM (25.242-b01 mixed mode windows-amd64 compressed oops)
# Failed to write core dump. Minidumps are not enabled by default on client versions of Windows
#

---------------  T H R E A D  ---------------

Current thread (0x000000001750b800):  JavaThread "C2 CompilerThread0" daemon [_thread_in_native, id=15032, stack(0x0000000019bf0000,0x0000000019cf0000)]

Stack: [0x0000000019bf0000,0x0000000019cf0000]
[error occurred during error reporting (printing stack bounds), id 0xc0000005]

Native frames: (J=compiled Java code, j=interpreted, Vv=VM code, C=native code)


Current CompileTask:
C2:  27786 12890 %     4       com.android.tools.r8.ir.regalloc.a::a @ 281 (952 bytes)


---------------  P R O C E S S  ---------------

Java Threads: ( => current thread )
  0x0000000021401800 JavaThread "WorkerExecutor Queue" [_thread_blocked, id=15072, stack(0x0000000028a00000,0x0000000028b00000)]
  0x0000000020dfc800 JavaThread "Cache worker for Java compile cache (D:\Web\WalkWithMeApplication\WalkWithMe\.gradle\6.1.1\javaCompile)" [_thread_blocked, id=10488, stack(0x00000000287b0000,0x00000000288b0000)]
  0x0000000020e00800 JavaThread "Cache worker for Java compile cache (C:\Users\ectuser\.gradle\caches\6.1.1\javaCompile)" [_thread_blocked, id=12752, stack(0x00000000286b0000,0x00000000287b0000)]
  0x0000000020dfd800 JavaThread "RMI TCP Connection(idle)" daemon [_thread_blocked, id=11440, stack(0x00000000283b0000,0x00000000284b0000)]
  0x0000000020dff800 JavaThread "RMI Reaper" [_thread_blocked, id=14772, stack(0x00000000282b0000,0x00000000283b0000)]
  0x0000000020dfc000 JavaThread "RMI TCP Accept-0" daemon [_thread_in_native, id=12672, stack(0x00000000281b0000,0x00000000282b0000)]
  0x0000000020dff000 JavaThread "GC Daemon" daemon [_thread_blocked, id=12444, stack(0x00000000280b0000,0x00000000281b0000)]
  0x0000000020df3800 JavaThread "RMI Scheduler(0)" daemon [_thread_blocked, id=17076, stack(0x0000000027eb0000,0x0000000027fb0000)]
  0x0000000020df9800 JavaThread "Cache worker for execution history cache (D:\Web\WalkWithMeApplication\WalkWithMe\.gradle\6.1.1\executionHistory)" [_thread_blocked, id=15036, stack(0x00000000277b0000,0x00000000278b0000)]
  0x0000000020df1800 JavaThread "Execution worker for ':' Thread 7" [_thread_in_Java, id=11424, stack(0x00000000264e0000,0x00000000265e0000)]
  0x0000000020df6800 JavaThread "Execution worker for ':' Thread 6" [_thread_in_Java, id=8236, stack(0x00000000263e0000,0x00000000264e0000)]
  0x0000000020df2000 JavaThread "Execution worker for ':' Thread 5" [_thread_in_Java, id=10040, stack(0x0000000026060000,0x0000000026160000)]
  0x0000000020df6000 JavaThread "Execution worker for ':' Thread 4" [_thread_in_Java, id=1716, stack(0x0000000025f60000,0x0000000026060000)]
  0x0000000020df8000 JavaThread "Execution worker for ':' Thread 3" [_thread_in_Java, id=11272, stack(0x0000000025e60000,0x0000000025f60000)]
  0x0000000020df4800 JavaThread "Execution worker for ':' Thread 2" [_thread_in_Java, id=17184, stack(0x0000000025d60000,0x0000000025e60000)]
  0x0000000020df5000 JavaThread "Execution worker for ':'" [_thread_in_Java, id=9940, stack(0x0000000025c60000,0x0000000025d60000)]
  0x000000002103b800 JavaThread "Cache worker for file content cache (D:\Web\WalkWithMeApplication\WalkWithMe\.gradle\6.1.1\fileContent)" [_thread_blocked, id=14168, stack(0x0000000025960000,0x0000000025a60000)]
  0x000000002103a000 JavaThread "Cache worker for file content cache (C:\Users\ectuser\.gradle\caches\6.1.1\fileContent)" [_thread_blocked, id=4068, stack(0x0000000025860000,0x0000000025960000)]
  0x000000002103b000 JavaThread "Memory manager" [_thread_blocked, id=2408, stack(0x0000000024d30000,0x0000000024e30000)]
  0x0000000021037000 JavaThread "Cache worker for Build Output Cleanup Cache (D:\Web\WalkWithMeApplication\WalkWithMe\.gradle\buildOutputCleanup)" [_thread_blocked, id=12976, stack(0x0000000024a30000,0x0000000024b30000)]
  0x0000000021036800 JavaThread "pool-1-thread-1" [_thread_blocked, id=12616, stack(0x00000000244a0000,0x00000000245a0000)]
  0x0000000021038000 JavaThread "Build operations Thread 8" [_thread_blocked, id=5836, stack(0x00000000241a0000,0x00000000242a0000)]
  0x000000002102f000 JavaThread "Build operations Thread 7" [_thread_blocked, id=3652, stack(0x00000000240a0000,0x00000000241a0000)]
  0x000000002102f800 JavaThread "Build operations Thread 6" [_thread_blocked, id=6280, stack(0x0000000023fa0000,0x00000000240a0000)]
  0x0000000021035800 JavaThread "Build operations Thread 5" [_thread_blocked, id=3984, stack(0x0000000023ea0000,0x0000000023fa0000)]
  0x0000000021035000 JavaThread "Build operations Thread 4" [_thread_blocked, id=12164, stack(0x0000000023da0000,0x0000000023ea0000)]
  0x000000002102d800 JavaThread "Build operations Thread 3" [_thread_blocked, id=2260, stack(0x0000000023ca0000,0x0000000023da0000)]
  0x0000000021034000 JavaThread "Build operations Thread 2" [_thread_blocked, id=16752, stack(0x0000000023ba0000,0x0000000023ca0000)]
  0x0000000021031000 JavaThread "Build operations" [_thread_blocked, id=2704, stack(0x0000000020990000,0x0000000020a90000)]
  0x000000001b370000 JavaThread "Cache worker for execution history cache (C:\Users\ectuser\.gradle\caches\6.1.1\executionHistory)" [_thread_in_native, id=12552, stack(0x00000000205f0000,0x00000000206f0000)]
  0x000000001b373000 JavaThread "Cache worker for cache directory md-rule (C:\Users\ectuser\.gradle\caches\6.1.1\md-rule)" [_thread_blocked, id=14216, stack(0x00000000204f0000,0x00000000205f0000)]
  0x000000001b36d800 JavaThread "Cache worker for cache directory md-supplier (C:\Users\ectuser\.gradle\caches\6.1.1\md-supplier)" [_thread_blocked, id=11648, stack(0x00000000203f0000,0x00000000204f0000)]
  0x000000001b36c000 JavaThread "Cache worker for file hash cache (D:\Web\WalkWithMeApplication\WalkWithMe\.gradle\6.1.1\fileHashes)" [_thread_blocked, id=7796, stack(0x0000000020890000,0x0000000020990000)]
  0x000000001b372000 JavaThread "Cache worker for checksums cache (D:\Web\WalkWithMeApplication\WalkWithMe\.gradle\checksums)" [_thread_blocked, id=10828, stack(0x0000000020790000,0x0000000020890000)]
  0x000000001b371800 JavaThread "Cache worker for file hash cache (C:\Users\ectuser\.gradle\caches\6.1.1\fileHashes)" [_thread_blocked, id=1552, stack(0x000000001e150000,0x000000001e250000)]
  0x000000001b36d000 JavaThread "File lock request listener" [_thread_in_native, id=3120, stack(0x000000001e050000,0x000000001e150000)]
  0x000000001b370800 JavaThread "Cache worker for journal cache (C:\Users\ectuser\.gradle\caches\journal-1)" [_thread_blocked, id=13656, stack(0x000000001df50000,0x000000001e050000)]
  0x000000001c0cc800 JavaThread "Thread-9" [_thread_blocked, id=2448, stack(0x000000001dc50000,0x000000001dd50000)]
  0x000000001c060000 JavaThread "Stdin handler" [_thread_blocked, id=9924, stack(0x000000001db50000,0x000000001dc50000)]
  0x000000001c05d800 JavaThread "Asynchronous log dispatcher for DefaultDaemonConnection: socket connection from /127.0.0.1:63729 to /127.0.0.1:63730" [_thread_blocked, id=17300, stack(0x000000001d950000,0x000000001da50000)]
  0x000000001c11e800 JavaThread "Daemon worker" [_thread_in_Java, id=11512, stack(0x000000001d850000,0x000000001d950000)]
  0x000000001c11d000 JavaThread "Cancel handler" [_thread_blocked, id=8416, stack(0x000000001d750000,0x000000001d850000)]
  0x000000001c0b8000 JavaThread "Handler for socket connection from /127.0.0.1:63729 to /127.0.0.1:63730" [_thread_in_native, id=16968, stack(0x000000001d450000,0x000000001d550000)]
  0x000000001c056800 JavaThread "Daemon" [_thread_blocked, id=11128, stack(0x000000001d350000,0x000000001d450000)]
  0x000000001bf8e800 JavaThread "Daemon periodic checks" [_thread_blocked, id=9700, stack(0x000000001d250000,0x000000001d350000)]
  0x000000001bf7c000 JavaThread "Incoming local TCP Connector on port 63729" [_thread_in_native, id=10956, stack(0x000000001d000000,0x000000001d100000)]
  0x0000000019447800 JavaThread "Daemon health stats" [_thread_blocked, id=16356, stack(0x000000001b9c0000,0x000000001bac0000)]
  0x00000000193a8800 JavaThread "Service Thread" daemon [_thread_blocked, id=14680, stack(0x0000000019ff0000,0x000000001a0f0000)]
  0x000000001931f800 JavaThread "C1 CompilerThread3" daemon [_thread_blocked, id=14760, stack(0x0000000019ef0000,0x0000000019ff0000)]
  0x0000000019319000 JavaThread "C2 CompilerThread2" daemon [_thread_in_native, id=9704, stack(0x0000000019df0000,0x0000000019ef0000)]
  0x000000001750d800 JavaThread "C2 CompilerThread1" daemon [_thread_in_native, id=14596, stack(0x0000000019cf0000,0x0000000019df0000)]
=>0x000000001750b800 JavaThread "C2 CompilerThread0" daemon [_thread_in_native, id=15032, stack(0x0000000019bf0000,0x0000000019cf0000)]
  0x0000000019315000 JavaThread "Attach Listener" daemon [_thread_blocked, id=9564, stack(0x0000000019af0000,0x0000000019bf0000)]
  0x0000000019314000 JavaThread "Signal Dispatcher" daemon [_thread_blocked, id=8032, stack(0x00000000199f0000,0x0000000019af0000)]
  0x000000000248c800 JavaThread "Finalizer" daemon [_thread_blocked, id=16792, stack(0x00000000197e0000,0x00000000198e0000)]
  0x0000000019300800 JavaThread "Reference Handler" daemon [_thread_blocked, id=10964, stack(0x00000000196e0000,0x00000000197e0000)]
  0x0000000002392800 JavaThread "main" [_thread_blocked, id=7620, stack(0x0000000002290000,0x0000000002390000)]

Other Threads:
  0x00000000174f8800 VMThread [stack: 0x00000000191e0000,0x00000000192e0000] [id=15928]
  0x00000000193b2000 WatcherThread [stack: 0x000000001a0f0000,0x000000001a1f0000] [id=10888]

VM state:not at safepoint (normal execution)

VM Mutex/Monitor currently owned by a thread: None

OutOfMemory and StackOverflow Exception counts:
OutOfMemoryError java_heap_errors=1

heap address: 0x0000000080000000, size: 2048 MB, Compressed Oops mode: 32-bit
Narrow klass base: 0x0000000000000000, Narrow klass shift: 3
Compressed class space size: 1073741824 Address: 0x0000000100000000

Heap:
 PSYoungGen      total 352768K, used 159996K [0x00000000d5580000, 0x00000000f0680000, 0x0000000100000000)
  eden space 316928K, 50% used [0x00000000d5580000,0x00000000df1bf390,0x00000000e8b00000)
  from space 35840K, 0% used [0x00000000ebe80000,0x00000000ebe80000,0x00000000ee180000)
  to   space 52736K, 0% used [0x00000000e8b00000,0x00000000e8b00000,0x00000000ebe80000)
 ParOldGen       total 99328K, used 95636K [0x0000000080000000, 0x0000000086100000, 0x00000000d5580000)
  object space 99328K, 96% used [0x0000000080000000,0x0000000085d653f8,0x0000000086100000)
 Metaspace       used 82891K, capacity 86996K, committed 88856K, reserved 1126400K
  class space    used 11224K, capacity 12025K, committed 12584K, reserved 1048576K

Card table byte_map: [0x0000000011850000,0x0000000011c60000] byte_map_base: 0x0000000011450000

Marking Bits: (ParMarkBitMap*) 0x000000005268f030
 Begin Bits: [0x0000000012710000, 0x0000000014710000)
 End Bits:   [0x0000000014710000, 0x0000000016710000)

Polling page: 0x0000000002180000

CodeCache: size=245760Kb used=42017Kb max_used=42345Kb free=203742Kb
 bounds [0x0000000002490000, 0x0000000004e40000, 0x0000000011490000]
 total_blobs=13313 nmethods=12459 adapters=764
 compilation: enabled

Compilation events (10 events):
Event: 27.678 Thread 0x000000001931f800 15076       2       com.android.tools.r8.u.b.g1::v0 (2 bytes)
Event: 27.679 Thread 0x000000001931f800 nmethod 15076 0x0000000004519710 code [0x0000000004519860, 0x00000000045199b0]
Event: 27.679 Thread 0x000000001750b800 nmethod 14537 0x0000000003fcb6d0 code [0x0000000003fcb880, 0x0000000003fcbe50]
Event: 27.679 Thread 0x000000001750b800 14551       4       java.util.concurrent.ConcurrentHashMap$Traverser::advance (188 bytes)
Event: 27.683 Thread 0x000000001750b800 nmethod 14551 0x0000000004499410 code [0x0000000004499560, 0x0000000004499738]
Event: 27.683 Thread 0x000000001750b800 12890 %     4       com.android.tools.r8.ir.regalloc.a::a @ 281 (952 bytes)
Event: 27.721 Thread 0x000000001931f800 15077  s    3       com.android.tools.r8.graph.C::s (71 bytes)
Event: 27.722 Thread 0x000000001931f800 nmethod 15077 0x00000000040f1610 code [0x00000000040f1820, 0x00000000040f26c8]
Event: 27.728 Thread 0x000000001931f800 15078       2       com.android.tools.r8.code.K0::equals (67 bytes)
Event: 27.728 Thread 0x000000001931f800 nmethod 15078 0x000000000451bed0 code [0x000000000451c040, 0x000000000451c2a8]

GC Heap History (10 events):
Event: 24.119 GC heap before
{Heap before GC invocations=32 (full 18):
 PSYoungGen      total 352768K, used 316928K [0x00000000d5580000, 0x00000000f0680000, 0x0000000100000000)
  eden space 316928K, 100% used [0x00000000d5580000,0x00000000e8b00000,0x00000000e8b00000)
  from space 35840K, 0% used [0x00000000ebe80000,0x00000000ebe80000,0x00000000ee180000)
  to   space 52736K, 0% used [0x00000000e8b00000,0x00000000e8b00000,0x00000000ebe80000)
 ParOldGen       total 99328K, used 99017K [0x0000000080000000, 0x0000000086100000, 0x00000000d5580000)
  object space 99328K, 99% used [0x0000000080000000,0x00000000860b25d0,0x0000000086100000)
 Metaspace       used 82710K, capacity 86826K, committed 88856K, reserved 1126400K
  class space    used 11222K, capacity 12024K, committed 12584K, reserved 1048576K
Event: 24.567 GC heap after
Heap after GC invocations=32 (full 18):
 PSYoungGen      total 352768K, used 1434K [0x00000000d5580000, 0x00000000f0680000, 0x0000000100000000)
  eden space 316928K, 0% used [0x00000000d5580000,0x00000000d56e6af8,0x00000000e8b00000)
  from space 35840K, 0% used [0x00000000ebe80000,0x00000000ebe80000,0x00000000ee180000)
  to   space 52736K, 0% used [0x00000000e8b00000,0x00000000e8b00000,0x00000000ebe80000)
 ParOldGen       total 99328K, used 99271K [0x0000000080000000, 0x0000000086100000, 0x00000000d5580000)
  object space 99328K, 99% used [0x0000000080000000,0x00000000860f1d10,0x0000000086100000)
 Metaspace       used 82710K, capacity 86826K, committed 88856K, reserved 1126400K
  class space    used 11222K, capacity 12024K, committed 12584K, reserved 1048576K
}
Event: 25.033 GC heap before
{Heap before GC invocations=33 (full 19):
 PSYoungGen      total 352768K, used 316928K [0x00000000d5580000, 0x00000000f0680000, 0x0000000100000000)
  eden space 316928K, 100% used [0x00000000d5580000,0x00000000e8b00000,0x00000000e8b00000)
  from space 35840K, 0% used [0x00000000ebe80000,0x00000000ebe80000,0x00000000ee180000)
  to   space 52736K, 0% used [0x00000000e8b00000,0x00000000e8b00000,0x00000000ebe80000)
 ParOldGen       total 99328K, used 99271K [0x0000000080000000, 0x0000000086100000, 0x00000000d5580000)
  object space 99328K, 99% used [0x0000000080000000,0x00000000860f1d10,0x0000000086100000)
 Metaspace       used 82755K, capacity 86898K, committed 88856K, reserved 1126400K
  class space    used 11223K, capacity 12024K, committed 12584K, reserved 1048576K
Event: 25.290 GC heap after
Heap after GC invocations=33 (full 19):
 PSYoungGen      total 352768K, used 0K [0x00000000d5580000, 0x00000000f0680000, 0x0000000100000000)
  eden space 316928K, 0% used [0x00000000d5580000,0x00000000d5580000,0x00000000e8b00000)
  from space 35840K, 0% used [0x00000000ebe80000,0x00000000ebe80000,0x00000000ee180000)
  to   space 52736K, 0% used [0x00000000e8b00000,0x00000000e8b00000,0x00000000ebe80000)
 ParOldGen       total 99328K, used 90394K [0x0000000080000000, 0x0000000086100000, 0x00000000d5580000)
  object space 99328K, 91% used [0x0000000080000000,0x0000000085846a28,0x0000000086100000)
 Metaspace       used 82755K, capacity 86898K, committed 88856K, reserved 1126400K
  class space    used 11223K, capacity 12024K, committed 12584K, reserved 1048576K
}
Event: 25.791 GC heap before
{Heap before GC invocations=34 (full 20):
 PSYoungGen      total 352768K, used 316928K [0x00000000d5580000, 0x00000000f0680000, 0x0000000100000000)
  eden space 316928K, 100% used [0x00000000d5580000,0x00000000e8b00000,0x00000000e8b00000)
  from space 35840K, 0% used [0x00000000ebe80000,0x00000000ebe80000,0x00000000ee180000)
  to   space 52736K, 0% used [0x00000000e8b00000,0x00000000e8b00000,0x00000000ebe80000)
 ParOldGen       total 99328K, used 90394K [0x0000000080000000, 0x0000000086100000, 0x00000000d5580000)
  object space 99328K, 91% used [0x0000000080000000,0x0000000085846a28,0x0000000086100000)
 Metaspace       used 82804K, capacity 86914K, committed 88856K, reserved 1126400K
  class space    used 11223K, capacity 12024K, committed 12584K, reserved 1048576K
Event: 26.119 GC heap after
Heap after GC invocations=34 (full 20):
 PSYoungGen      total 352768K, used 0K [0x00000000d5580000, 0x00000000f0680000, 0x0000000100000000)
  eden space 316928K, 0% used [0x00000000d5580000,0x00000000d5580000,0x00000000e8b00000)
  from space 35840K, 0% used [0x00000000ebe80000,0x00000000ebe80000,0x00000000ee180000)
  to   space 52736K, 0% used [0x00000000e8b00000,0x00000000e8b00000,0x00000000ebe80000)
 ParOldGen       total 99328K, used 91443K [0x0000000080000000, 0x0000000086100000, 0x00000000d5580000)
  object space 99328K, 92% used [0x0000000080000000,0x000000008594cef0,0x0000000086100000)
 Metaspace       used 82804K, capacity 86914K, committed 88856K, reserved 1126400K
  class space    used 11223K, capacity 12024K, committed 12584K, reserved 1048576K
}
Event: 26.608 GC heap before
{Heap before GC invocations=35 (full 21):
 PSYoungGen      total 352768K, used 316928K [0x00000000d5580000, 0x00000000f0680000, 0x0000000100000000)
  eden space 316928K, 100% used [0x00000000d5580000,0x00000000e8b00000,0x00000000e8b00000)
  from space 35840K, 0% used [0x00000000ebe80000,0x00000000ebe80000,0x00000000ee180000)
  to   space 52736K, 0% used [0x00000000e8b00000,0x00000000e8b00000,0x00000000ebe80000)
 ParOldGen       total 99328K, used 91443K [0x0000000080000000, 0x0000000086100000, 0x00000000d5580000)
  object space 99328K, 92% used [0x0000000080000000,0x000000008594cef0,0x0000000086100000)
 Metaspace       used 82854K, capacity 86926K, committed 88856K, reserved 1126400K
  class space    used 11223K, capacity 12024K, committed 12584K, reserved 1048576K
Event: 26.860 GC heap after
Heap after GC invocations=35 (full 21):
 PSYoungGen      total 352768K, used 0K [0x00000000d5580000, 0x00000000f0680000, 0x0000000100000000)
  eden space 316928K, 0% used [0x00000000d5580000,0x00000000d5580000,0x00000000e8b00000)
  from space 35840K, 0% used [0x00000000ebe80000,0x00000000ebe80000,0x00000000ee180000)
  to   space 52736K, 0% used [0x00000000e8b00000,0x00000000e8b00000,0x00000000ebe80000)
 ParOldGen       total 99328K, used 87407K [0x0000000080000000, 0x0000000086100000, 0x00000000d5580000)
  object space 99328K, 87% used [0x0000000080000000,0x000000008555beb8,0x0000000086100000)
 Metaspace       used 82854K, capacity 86926K, committed 88856K, reserved 1126400K
  class space    used 11223K, capacity 12024K, committed 12584K, reserved 1048576K
}
Event: 27.378 GC heap before
{Heap before GC invocations=36 (full 22):
 PSYoungGen      total 352768K, used 316928K [0x00000000d5580000, 0x00000000f0680000, 0x0000000100000000)
  eden space 316928K, 100% used [0x00000000d5580000,0x00000000e8b00000,0x00000000e8b00000)
  from space 35840K, 0% used [0x00000000ebe80000,0x00000000ebe80000,0x00000000ee180000)
  to   space 52736K, 0% used [0x00000000e8b00000,0x00000000e8b00000,0x00000000ebe80000)
 ParOldGen       total 99328K, used 87407K [0x0000000080000000, 0x0000000086100000, 0x00000000d5580000)
  object space 99328K, 87% used [0x0000000080000000,0x000000008555beb8,0x0000000086100000)
 Metaspace       used 82884K, capacity 86990K, committed 88856K, reserved 1126400K
  class space    used 11223K, capacity 12024K, committed 12584K, reserved 1048576K
Event: 27.626 GC heap after
Heap after GC invocations=36 (full 22):
 PSYoungGen      total 352768K, used 0K [0x00000000d5580000, 0x00000000f0680000, 0x0000000100000000)
  eden space 316928K, 0% used [0x00000000d5580000,0x00000000d5580000,0x00000000e8b00000)
  from space 35840K, 0% used [0x00000000ebe80000,0x00000000ebe80000,0x00000000ee180000)
  to   space 52736K, 0% used [0x00000000e8b00000,0x00000000e8b00000,0x00000000ebe80000)
 ParOldGen       total 99328K, used 95636K [0x0000000080000000, 0x0000000086100000, 0x00000000d5580000)
  object space 99328K, 96% used [0x0000000080000000,0x0000000085d653f8,0x0000000086100000)
 Metaspace       used 82884K, capacity 86990K, committed 88856K, reserved 1126400K
  class space    used 11223K, capacity 12024K, committed 12584K, reserved 1048576K
}

Deoptimization events (10 events):
Event: 23.153 Thread 0x000000001c11e800 Uncommon trap: reason=array_check action=maybe_recompile pc=0x0000000004d3809c method=java.util.TimSort.binarySort([Ljava/lang/Object;IIILjava/util/Comparator;)V @ 183
Event: 23.813 Thread 0x0000000020df1800 Uncommon trap: reason=bimorphic action=maybe_recompile pc=0x0000000004d5c9c4 method=com.android.tools.r8.s.a.a.a.v.equivalent(Ljava/lang/Object;Ljava/lang/Object;)Z @ 21
Event: 24.058 Thread 0x0000000020df4800 Uncommon trap: reason=bimorphic action=maybe_recompile pc=0x0000000004d5c9c4 method=com.android.tools.r8.s.a.a.a.v.equivalent(Ljava/lang/Object;Ljava/lang/Object;)Z @ 21
Event: 24.061 Thread 0x0000000020df4800 Uncommon trap: reason=bimorphic action=maybe_recompile pc=0x0000000004d5c9c4 method=com.android.tools.r8.s.a.a.a.v.equivalent(Ljava/lang/Object;Ljava/lang/Object;)Z @ 21
Event: 24.106 Thread 0x0000000020df4800 Uncommon trap: reason=bimorphic action=maybe_recompile pc=0x0000000004d5c9c4 method=com.android.tools.r8.s.a.a.a.v.equivalent(Ljava/lang/Object;Ljava/lang/Object;)Z @ 21
Event: 24.724 Thread 0x0000000020df8000 Uncommon trap: reason=unstable_if action=reinterpret pc=0x0000000004d41ea4 method=com.android.tools.r8.ir.conversion.N.a(IIZ)V @ 1
Event: 26.944 Thread 0x0000000020df5000 Uncommon trap: reason=unstable_if action=reinterpret pc=0x0000000004294f7c method=com.android.tools.r8.ir.optimize.l.a(Lcom/android/tools/r8/u/b/h0;)Z @ 11
Event: 27.151 Thread 0x0000000020df2000 Uncommon trap: reason=unstable_if action=reinterpret pc=0x0000000003921968 method=java.util.concurrent.ConcurrentLinkedQueue.updateHead(Ljava/util/concurrent/ConcurrentLinkedQueue$Node;Ljava/util/concurrent/ConcurrentLinkedQueue$Node;)V @ 11
Event: 27.153 Thread 0x0000000020df2000 Uncommon trap: reason=unstable_if action=reinterpret pc=0x0000000002b2a918 method=java.util.concurrent.ConcurrentLinkedQueue.updateHead(Ljava/util/concurrent/ConcurrentLinkedQueue$Node;Ljava/util/concurrent/ConcurrentLinkedQueue$Node;)V @ 11
Event: 27.717 Thread 0x0000000020df6000 Uncommon trap: reason=class_check action=maybe_recompile pc=0x0000000004d0a274 method=com.android.tools.r8.v.a.a.a.f.X.putAll(Ljava/util/Map;)V @ 47

Classes redefined (0 events):
No events

Internal exceptions (10 events):
Event: 27.248 Thread 0x0000000020df6000 Exception <a 'sun/nio/fs/WindowsException'> (0x00000000e1c866a8) thrown at [C:\src\AOSP-openjdk-git\hotspot\src\share\vm\prims\jni.cpp, line 710]
Event: 27.257 Thread 0x000000001c11e800 Exception <a 'sun/nio/fs/WindowsException'> (0x00000000ddc66068) thrown at [C:\src\AOSP-openjdk-git\hotspot\src\share\vm\prims\jni.cpp, line 710]
Event: 27.263 Thread 0x0000000020df8000 Exception <a 'sun/nio/fs/WindowsException'> (0x00000000e2f6eef0) thrown at [C:\src\AOSP-openjdk-git\hotspot\src\share\vm\prims\jni.cpp, line 710]
Event: 27.265 Thread 0x0000000020df2000 Exception <a 'sun/nio/fs/WindowsException'> (0x00000000e33cb5e0) thrown at [C:\src\AOSP-openjdk-git\hotspot\src\share\vm\prims\jni.cpp, line 710]
Event: 27.281 Thread 0x000000001c11e800 Exception <a 'sun/nio/fs/WindowsException'> (0x00000000e40943e8) thrown at [C:\src\AOSP-openjdk-git\hotspot\src\share\vm\prims\jni.cpp, line 710]
Event: 27.281 Thread 0x0000000020df2000 Exception <a 'sun/nio/fs/WindowsException'> (0x00000000e404e210) thrown at [C:\src\AOSP-openjdk-git\hotspot\src\share\vm\prims\jni.cpp, line 710]
Event: 27.306 Thread 0x0000000020df1800 Exception <a 'sun/nio/fs/WindowsException'> (0x00000000e4b4aa98) thrown at [C:\src\AOSP-openjdk-git\hotspot\src\share\vm\prims\jni.cpp, line 710]
Event: 27.315 Thread 0x000000001c11e800 Exception <a 'sun/nio/fs/WindowsException'> (0x00000000e48eae30) thrown at [C:\src\AOSP-openjdk-git\hotspot\src\share\vm\prims\jni.cpp, line 710]
Event: 27.336 Thread 0x0000000020df2000 Exception <a 'sun/nio/fs/WindowsException'> (0x00000000e6856d48) thrown at [C:\src\AOSP-openjdk-git\hotspot\src\share\vm\prims\jni.cpp, line 710]
Event: 27.369 Thread 0x0000000020df6000 Exception <a 'sun/nio/fs/WindowsException'> (0x00000000e8215ed0) thrown at [C:\src\AOSP-openjdk-git\hotspot\src\share\vm\prims\jni.cpp, line 710]

Events (10 events):
Event: 27.638 Thread 0x0000000020df6000 DEOPT UNPACKING pc=0x00000000024d75d0 sp=0x000000002605a468 mode 0
Event: 27.647 Thread 0x0000000020df2000 DEOPT PACKING pc=0x0000000003bed154 sp=0x000000002615b0d0
Event: 27.647 Thread 0x0000000020df2000 DEOPT UNPACKING pc=0x00000000024d75d0 sp=0x000000002615ae38 mode 0
Event: 27.663 Thread 0x0000000020df2000 DEOPT PACKING pc=0x0000000003bed154 sp=0x000000002615b0d0
Event: 27.663 Thread 0x0000000020df2000 DEOPT UNPACKING pc=0x00000000024d75d0 sp=0x000000002615ae38 mode 0
Event: 27.716 Thread 0x0000000020df6800 DEOPT PACKING pc=0x0000000003bed154 sp=0x00000000264da940
Event: 27.716 Thread 0x0000000020df6800 DEOPT UNPACKING pc=0x00000000024d75d0 sp=0x00000000264da6a8 mode 0
Event: 27.717 Thread 0x0000000020df6000 Uncommon trap: trap_request=0xffffffde fr.pc=0x0000000004d0a274
Event: 27.717 Thread 0x0000000020df6000 DEOPT PACKING pc=0x0000000004d0a274 sp=0x0000000026059ff0
Event: 27.717 Thread 0x0000000020df6000 DEOPT UNPACKING pc=0x00000000024d557b sp=0x0000000026059f80 mode 2


Dynamic libraries:
0x00007ff664170000 - 0x00007ff6641a1000 	D:\Programms\Android Studio\jre\bin\java.exe
0x00007ffa43a60000 - 0x00007ffa43c50000 	C:\WINDOWS\SYSTEM32\ntdll.dll
0x00007ffa43430000 - 0x00007ffa434e2000 	C:\WINDOWS\System32\KERNEL32.DLL
0x00007ffa415e0000 - 0x00007ffa41883000 	C:\WINDOWS\System32\KERNELBASE.dll
0x00007ffa431c0000 - 0x00007ffa43263000 	C:\WINDOWS\System32\ADVAPI32.dll
0x00007ffa41ee0000 - 0x00007ffa41f7e000 	C:\WINDOWS\System32\msvcrt.dll
0x00007ffa42a90000 - 0x00007ffa42b27000 	C:\WINDOWS\System32\sechost.dll
0x00007ffa42710000 - 0x00007ffa42830000 	C:\WINDOWS\System32\RPCRT4.dll
0x00007ffa42b30000 - 0x00007ffa42cc3000 	C:\WINDOWS\System32\USER32.dll
0x00007ffa412c0000 - 0x00007ffa412e1000 	C:\WINDOWS\System32\win32u.dll
0x00007ffa426d0000 - 0x00007ffa426f6000 	C:\WINDOWS\System32\GDI32.dll
0x00007ffa41340000 - 0x00007ffa414d4000 	C:\WINDOWS\System32\gdi32full.dll
0x00007ffa419e0000 - 0x00007ffa41a7e000 	C:\WINDOWS\System32\msvcp_win.dll
0x00007ffa414e0000 - 0x00007ffa415da000 	C:\WINDOWS\System32\ucrtbase.dll
0x00007ffa2c540000 - 0x00007ffa2c7c5000 	C:\WINDOWS\WinSxS\amd64_microsoft.windows.common-controls_6595b64144ccf1df_6.0.18362.356_none_e6c4af7d130f27cc\COMCTL32.dll
0x00007ffa42e80000 - 0x00007ffa431b6000 	C:\WINDOWS\System32\combase.dll
0x00007ffa409c0000 - 0x00007ffa40a40000 	C:\WINDOWS\System32\bcryptPrimitives.dll
0x00007ffa41de0000 - 0x00007ffa41e0e000 	C:\WINDOWS\System32\IMM32.DLL
0x0000000052c80000 - 0x0000000052d52000 	D:\Programms\Android Studio\jre\jre\bin\msvcr100.dll
0x0000000051ec0000 - 0x000000005270b000 	D:\Programms\Android Studio\jre\jre\bin\server\jvm.dll
0x00007ffa439e0000 - 0x00007ffa439e8000 	C:\WINDOWS\System32\PSAPI.DLL
0x00007ffa3ae20000 - 0x00007ffa3ae2a000 	C:\WINDOWS\SYSTEM32\VERSION.dll
0x00007ffa2fb30000 - 0x00007ffa2fb39000 	C:\WINDOWS\SYSTEM32\WSOCK32.dll
0x00007ffa3b680000 - 0x00007ffa3b6a4000 	C:\WINDOWS\SYSTEM32\WINMM.dll
0x00007ffa42890000 - 0x00007ffa428ff000 	C:\WINDOWS\System32\WS2_32.dll
0x00007ffa3b650000 - 0x00007ffa3b67d000 	C:\WINDOWS\SYSTEM32\WINMMBASE.dll
0x00007ffa412f0000 - 0x00007ffa4133a000 	C:\WINDOWS\System32\cfgmgr32.dll
0x00007ffa3cb20000 - 0x00007ffa3cb2f000 	D:\Programms\Android Studio\jre\jre\bin\verify.dll
0x00007ffa39bf0000 - 0x00007ffa39c19000 	D:\Programms\Android Studio\jre\jre\bin\java.dll
0x00007ffa3c1c0000 - 0x00007ffa3c1d6000 	D:\Programms\Android Studio\jre\jre\bin\zip.dll
0x00007ffa41fe0000 - 0x00007ffa426c5000 	C:\WINDOWS\System32\SHELL32.dll
0x00007ffa43270000 - 0x00007ffa43319000 	C:\WINDOWS\System32\shcore.dll
0x00007ffa40b40000 - 0x00007ffa412be000 	C:\WINDOWS\System32\windows.storage.dll
0x00007ffa40930000 - 0x00007ffa4094f000 	C:\WINDOWS\System32\profapi.dll
0x00007ffa40970000 - 0x00007ffa409ba000 	C:\WINDOWS\System32\powrprof.dll
0x00007ffa40900000 - 0x00007ffa40910000 	C:\WINDOWS\System32\UMPDC.dll
0x00007ffa41d80000 - 0x00007ffa41dd2000 	C:\WINDOWS\System32\shlwapi.dll
0x00007ffa40910000 - 0x00007ffa40921000 	C:\WINDOWS\System32\kernel.appcore.dll
0x00007ffa40b20000 - 0x00007ffa40b37000 	C:\WINDOWS\System32\cryptsp.dll
0x00007ffa2c020000 - 0x00007ffa2c03a000 	D:\Programms\Android Studio\jre\jre\bin\net.dll
0x00007ffa40120000 - 0x00007ffa40187000 	C:\WINDOWS\system32\mswsock.dll
0x00007ffa2c000000 - 0x00007ffa2c013000 	D:\Programms\Android Studio\jre\jre\bin\nio.dll
0x00007ffa22230000 - 0x00007ffa22256000 	C:\Users\ectuser\.gradle\native\31\windows-amd64\native-platform.dll
0x00007ffa3c160000 - 0x00007ffa3c16d000 	D:\Programms\Android Studio\jre\jre\bin\management.dll
0x00007ffa3fca0000 - 0x00007ffa3fcd3000 	C:\WINDOWS\system32\rsaenh.dll
0x00007ffa40af0000 - 0x00007ffa40b16000 	C:\WINDOWS\System32\bcrypt.dll
0x00007ffa40820000 - 0x00007ffa40845000 	C:\WINDOWS\SYSTEM32\USERENV.dll
0x00007ffa402a0000 - 0x00007ffa402ac000 	C:\WINDOWS\SYSTEM32\CRYPTBASE.dll
0x00007ffa3fe40000 - 0x00007ffa3fe7a000 	C:\WINDOWS\SYSTEM32\IPHLPAPI.DLL
0x00007ffa42700000 - 0x00007ffa42708000 	C:\WINDOWS\System32\NSI.dll
0x00007ffa39450000 - 0x00007ffa39466000 	C:\WINDOWS\SYSTEM32\dhcpcsvc6.DLL
0x00007ffa39430000 - 0x00007ffa3944c000 	C:\WINDOWS\SYSTEM32\dhcpcsvc.DLL
0x00007ffa3fe80000 - 0x00007ffa3ff4a000 	C:\WINDOWS\SYSTEM32\DNSAPI.dll

VM Arguments:
jvm_args: -Xmx2048m -Dfile.encoding=windows-1251 -Duser.country=RU -Duser.language=ru -Duser.variant 
java_command: org.gradle.launcher.daemon.bootstrap.GradleDaemon 6.1.1
java_class_path (initial): C:\Users\ectuser\.gradle\wrapper\dists\gradle-6.1.1-all\cfmwm155h49vnt3hynmlrsdst\gradle-6.1.1\lib\gradle-launcher-6.1.1.jar
Launcher Type: SUN_STANDARD

Environment Variables:
PATH=C:\Python27\;C:\Python27\Scripts;D:\Programms\IntelTools\OpenCL\sdk\bin\x64;D:\Programms\IntelTools\OpenCL\sdk\bin\x86;D:\Programms\IntelTools\OpenCL\sdk\bin\Pin;D:\Programms\IntelTools\OpenCL\sdk\bin\GTPin;C:\Program Files (x86)\Common Files\Oracle\Java\javapath;C:\WINDOWS\system32;C:\WINDOWS;C:\WINDOWS\System32\Wbem;C:\WINDOWS\System32\WindowsPowerShell\v1.0\;C:\WINDOWS\System32\OpenSSH\;D:\Programms\Microsoft VS Code\bin;D:\Programms\Git\cmd;D:\Web\yarn\bin\;C:\Program Files\dotnet\;C:\Program Files\Microsoft SQL Server\130\Tools\Binn\;D:\Programms\Bitvise;D:\Programms\Putty\;D:\Web\wamp64\bin\php\php7.4.0;C:\ProgramData\ComposerSetup\bin;C:\Program Files\MySQL\MySQL Shell 8.0\bin\;C:\Users\ectuser\.dotnet\tools;D:\Programms\Python\Scripts;C:\sqllite;C:\Users\ectuser\AppData\Roaming\npm\node_modules\typescript\lib;D:\Programms\PhpStorm 2019.3.2\bin;C:\Users\ectuser\AppData\Roaming\Composer\vendor\bin;C:\Users\ectuser\AppData\Roaming\npm\vue.cmd;C:\Users\ectuser\AppData\Roaming\npm;C:\Users\ectuser\AppData\Roaming\npm\;C;C:\ProgramData\chocolatey\bin;D:\Programms\Node\;C:\Program Files\MySQL\MySQL Shell 8.0\bin\;C:\Users\ectuser\.dotnet\tools;D:\Programms\Python\Scripts;C:\sqllite;C:\Users\ectuser\AppData\Roaming\npm\node_modules\typescript\lib;D:\Programms\PhpStorm 2019.3.2\bin;;D:\Web\wamp64\bin\php\php7.4.0;C:\Users\ectuser\AppData\Roaming\Composer\vendor\bin;C:\Users\ectuser\AppData\Roaming\npm\;C:\Users\ectuser\AppData\Roaming\npm;D:\Programms\heroku\bin
USERNAME=ectuser
OS=Windows_NT
PROCESSOR_IDENTIFIER=Intel64 Family 6 Model 142 Stepping 10, GenuineIntel



---------------  S Y S T E M  ---------------

OS: Windows 10.0 , 64 bit Build 18362 (10.0.18362.329)

CPU:total 8 (initial active 8) (4 cores per cpu, 2 threads per core) family 6 model 142 stepping 10, cmov, cx8, fxsr, mmx, sse, sse2, sse3, ssse3, sse4.1, sse4.2, popcnt, avx, avx2, aes, clmul, erms, 3dnowpref, lzcnt, ht, tsc, tscinvbit, bmi1, bmi2, adx

Memory: 4k page, physical 8272016k(1431280k free), swap 8534160k(8644k free)

vm_info: OpenJDK 64-Bit Server VM (25.242-b01) for windows-amd64 JRE (1.8.0_242-release-1644-b01), built by "builder" with MS VC++ 10.0 (VS2010)

time: Mon Jul 06 19:12:53 2020
timezone: Томск (зима)
elapsed time: 27 seconds (0d 0h 0m 27s)

