#
# There is insufficient memory for the Java Runtime Environment to continue.
# Native memory allocation (malloc) failed to allocate 1976496 bytes for Chunk::new
# Possible reasons:
#   The system is out of physical RAM or swap space
#   The process is running with CompressedOops enabled, and the Java Heap may be blocking the growth of the native heap
# Possible solutions:
#   Reduce memory load on the system
#   Increase physical memory or swap space
#   Check if swap backing store is full
#   Decrease Java heap size (-Xmx/-Xms)
#   Decrease number of Java threads
#   Decrease Java thread stack sizes (-Xss)
#   Set larger code cache with -XX:ReservedCodeCacheSize=
#   JVM is running with Unscaled Compressed Oops mode in which the Java heap is
#     placed in the first 4GB address space. The Java Heap base address is the
#     maximum limit for the native heap growth. Please use -XX:HeapBaseMinAddress
#     to set the Java Heap base and to place the Java Heap above 4GB virtual address.
# This output file may be truncated or incomplete.
#
#  Out of Memory Error (allocation.cpp:389), pid=8032, tid=0x0000000000000e44
#
# JRE version: OpenJDK Runtime Environment (8.0_242-b01) (build 1.8.0_242-release-1644-b01)
# Java VM: OpenJDK 64-Bit Server VM (25.242-b01 mixed mode windows-amd64 compressed oops)
# Failed to write core dump. Minidumps are not enabled by default on client versions of Windows
#

---------------  T H R E A D  ---------------

Current thread (0x0000000019780800):  JavaThread "C2 CompilerThread2" daemon [_thread_in_native, id=3652, stack(0x000000001a250000,0x000000001a350000)]

Stack: [0x000000001a250000,0x000000001a350000]
[error occurred during error reporting (printing stack bounds), id 0xc0000005]

Native frames: (J=compiled Java code, j=interpreted, Vv=VM code, C=native code)


Current CompileTask:
C2:  52984 17312       4       com.android.tools.r8.ir.optimize.d0::b (1251 bytes)


---------------  P R O C E S S  ---------------

Java Threads: ( => current thread )
  0x0000000032076000 JavaThread "WorkerExecutor Queue Thread 9" [_thread_blocked, id=12704, stack(0x0000000033aa0000,0x0000000033ba0000)]
  0x0000000032075800 JavaThread "WorkerExecutor Queue Thread 8" [_thread_blocked, id=7556, stack(0x00000000339a0000,0x0000000033aa0000)]
  0x0000000032077800 JavaThread "WorkerExecutor Queue Thread 7" [_thread_blocked, id=7764, stack(0x00000000338a0000,0x00000000339a0000)]
  0x0000000032074800 JavaThread "WorkerExecutor Queue Thread 6" [_thread_blocked, id=8736, stack(0x00000000337a0000,0x00000000338a0000)]
  0x0000000032073000 JavaThread "WorkerExecutor Queue Thread 4" [_thread_blocked, id=9208, stack(0x00000000335a0000,0x00000000336a0000)]
  0x0000000032077000 JavaThread "WorkerExecutor Queue Thread 3" [_thread_in_native, id=12828, stack(0x00000000334a0000,0x00000000335a0000)]
  0x0000000032070000 JavaThread "ForkJoinPool.commonPool-worker-4" daemon [_thread_blocked, id=16552, stack(0x0000000032fa0000,0x00000000330a0000)]
  0x000000003206b000 JavaThread "ForkJoinPool.commonPool-worker-7" daemon [_thread_blocked, id=2764, stack(0x0000000032ea0000,0x0000000032fa0000)]
  0x000000003206f800 JavaThread "ForkJoinPool.commonPool-worker-6" daemon [_thread_blocked, id=13636, stack(0x0000000032c50000,0x0000000032d50000)]
  0x000000003206d000 JavaThread "ForkJoinPool.commonPool-worker-5" daemon [_thread_blocked, id=8948, stack(0x0000000032da0000,0x0000000032ea0000)]
  0x000000003206e800 JavaThread "ForkJoinPool.commonPool-worker-2" daemon [_thread_blocked, id=13648, stack(0x0000000032a50000,0x0000000032b50000)]
  0x000000003206c800 JavaThread "ForkJoinPool.commonPool-worker-1" daemon [_thread_blocked, id=7576, stack(0x0000000028fe0000,0x00000000290e0000)]
  0x0000000019787000 JavaThread "Cache worker for execution history cache (D:\Web\WalkWithMeApplication\WalkWithMe\.gradle\6.1.1\executionHistory)" [_thread_blocked, id=12316, stack(0x0000000029100000,0x0000000029200000)]
  0x0000000019788000 JavaThread "Execution worker for ':' Thread 7" [_thread_blocked, id=7372, stack(0x0000000028ee0000,0x0000000028fe0000)]
  0x000000001e86b000 JavaThread "Execution worker for ':' Thread 6" [_thread_blocked, id=17168, stack(0x0000000028de0000,0x0000000028ee0000)]
  0x000000001e86a000 JavaThread "Execution worker for ':' Thread 5" [_thread_in_Java, id=2236, stack(0x0000000028ce0000,0x0000000028de0000)]
  0x000000001e869800 JavaThread "Execution worker for ':' Thread 4" [_thread_blocked, id=15464, stack(0x0000000028be0000,0x0000000028ce0000)]
  0x000000001e868800 JavaThread "Execution worker for ':' Thread 3" [_thread_blocked, id=11248, stack(0x0000000028ae0000,0x0000000028be0000)]
  0x000000001e861000 JavaThread "Execution worker for ':' Thread 2" [_thread_in_Java, id=15420, stack(0x00000000289e0000,0x0000000028ae0000)]
  0x000000001e867000 JavaThread "Execution worker for ':'" [_thread_blocked, id=4636, stack(0x00000000288e0000,0x00000000289e0000)]
  0x000000001e868000 JavaThread "Cache worker for file content cache (D:\Web\WalkWithMeApplication\WalkWithMe\.gradle\6.1.1\fileContent)" [_thread_blocked, id=16696, stack(0x00000000287e0000,0x00000000288e0000)]
  0x000000001e866800 JavaThread "Cache worker for file content cache (C:\Users\ectuser\.gradle\caches\6.1.1\fileContent)" [_thread_blocked, id=13280, stack(0x00000000286e0000,0x00000000287e0000)]
  0x000000001e864000 JavaThread "Memory manager" [_thread_blocked, id=17056, stack(0x00000000285e0000,0x00000000286e0000)]
  0x00000000249f0000 JavaThread "Cache worker for Build Output Cleanup Cache (D:\Web\WalkWithMeApplication\WalkWithMe\.gradle\buildOutputCleanup)" [_thread_blocked, id=15776, stack(0x00000000284e0000,0x00000000285e0000)]
  0x00000000249f7000 JavaThread "pool-3-thread-1" [_thread_blocked, id=16244, stack(0x00000000283e0000,0x00000000284e0000)]
  0x00000000249f1800 JavaThread "Build operations Thread 8" [_thread_blocked, id=7744, stack(0x00000000282e0000,0x00000000283e0000)]
  0x00000000249f6800 JavaThread "Build operations Thread 7" [_thread_blocked, id=12440, stack(0x00000000281e0000,0x00000000282e0000)]
  0x00000000249f5800 JavaThread "Build operations Thread 6" [_thread_blocked, id=1448, stack(0x00000000264c0000,0x00000000265c0000)]
  0x00000000249f4800 JavaThread "Build operations Thread 5" [_thread_blocked, id=5552, stack(0x00000000261c0000,0x00000000262c0000)]
  0x00000000249f4000 JavaThread "Build operations Thread 4" [_thread_blocked, id=412, stack(0x0000000025ec0000,0x0000000025fc0000)]
  0x00000000249f1000 JavaThread "Build operations Thread 3" [_thread_blocked, id=1504, stack(0x00000000259c0000,0x0000000025ac0000)]
  0x00000000249f2800 JavaThread "Build operations Thread 2" [_thread_blocked, id=10368, stack(0x00000000258c0000,0x00000000259c0000)]
  0x00000000249f3000 JavaThread "Build operations" [_thread_blocked, id=17264, stack(0x00000000257c0000,0x00000000258c0000)]
  0x00000000249e8800 JavaThread "Cache worker for cache directory md-rule (C:\Users\ectuser\.gradle\caches\6.1.1\md-rule)" [_thread_blocked, id=9840, stack(0x00000000256c0000,0x00000000257c0000)]
  0x00000000249e9800 JavaThread "Cache worker for cache directory md-supplier (C:\Users\ectuser\.gradle\caches\6.1.1\md-supplier)" [_thread_blocked, id=9116, stack(0x00000000255c0000,0x00000000256c0000)]
  0x00000000249ef800 JavaThread "Cache worker for file hash cache (D:\Web\WalkWithMeApplication\WalkWithMe\.gradle\6.1.1\fileHashes)" [_thread_blocked, id=13764, stack(0x00000000254c0000,0x00000000255c0000)]
  0x00000000249ee000 JavaThread "Cache worker for checksums cache (D:\Web\WalkWithMeApplication\WalkWithMe\.gradle\checksums)" [_thread_blocked, id=436, stack(0x0000000023130000,0x0000000023230000)]
  0x00000000249ec800 JavaThread "Thread-30" [_thread_blocked, id=12176, stack(0x0000000020c20000,0x0000000020d20000)]
  0x00000000249eb800 JavaThread "Stdin handler" [_thread_blocked, id=11004, stack(0x000000001e080000,0x000000001e180000)]
  0x00000000249ea000 JavaThread "Asynchronous log dispatcher for DefaultDaemonConnection: socket connection from /127.0.0.1:63902 to /127.0.0.1:63914" [_thread_blocked, id=12060, stack(0x000000001df80000,0x000000001e080000)]
  0x00000000249eb000 JavaThread "Cancel handler" [_thread_blocked, id=16560, stack(0x000000001dd80000,0x000000001de80000)]
  0x00000000249ed000 JavaThread "Handler for socket connection from /127.0.0.1:63902 to /127.0.0.1:63914" [_thread_in_native, id=8456, stack(0x000000001db80000,0x000000001dc80000)]
  0x0000000019788800 JavaThread "Cache worker for execution history cache (C:\Users\ectuser\.gradle\caches\6.1.1\executionHistory)" [_thread_blocked, id=2288, stack(0x0000000020dc0000,0x0000000020ec0000)]
  0x0000000019786800 JavaThread "Cache worker for file hash cache (C:\Users\ectuser\.gradle\caches\6.1.1\fileHashes)" [_thread_blocked, id=12444, stack(0x000000001e580000,0x000000001e680000)]
  0x000000001978b000 JavaThread "File lock request listener" [_thread_in_native, id=11424, stack(0x000000001e480000,0x000000001e580000)]
  0x0000000019789800 JavaThread "Cache worker for journal cache (C:\Users\ectuser\.gradle\caches\journal-1)" [_thread_blocked, id=12672, stack(0x000000001e380000,0x000000001e480000)]
  0x000000001c295000 JavaThread "Daemon worker" [_thread_blocked, id=11272, stack(0x000000001dc80000,0x000000001dd80000)]
  0x000000001c299800 JavaThread "Daemon" [_thread_blocked, id=14168, stack(0x000000001d780000,0x000000001d880000)]
  0x000000001c1e3800 JavaThread "Daemon periodic checks" [_thread_blocked, id=4068, stack(0x000000001d680000,0x000000001d780000)]
  0x000000001c1e1000 JavaThread "Incoming local TCP Connector on port 63902" [_thread_in_native, id=2408, stack(0x000000001d430000,0x000000001d530000)]
  0x00000000198a2800 JavaThread "Daemon health stats" [_thread_blocked, id=12976, stack(0x000000001cdf0000,0x000000001cef0000)]
  0x000000001981f000 JavaThread "Service Thread" daemon [_thread_blocked, id=16136, stack(0x000000001a450000,0x000000001a550000)]
  0x000000001978d000 JavaThread "C1 CompilerThread3" daemon [_thread_blocked, id=5836, stack(0x000000001a350000,0x000000001a450000)]
=>0x0000000019780800 JavaThread "C2 CompilerThread2" daemon [_thread_in_native, id=3652, stack(0x000000001a250000,0x000000001a350000)]
  0x000000001977b000 JavaThread "C2 CompilerThread1" daemon [_thread_in_native, id=6280, stack(0x000000001a150000,0x000000001a250000)]
  0x0000000019775000 JavaThread "C2 CompilerThread0" daemon [_thread_in_native, id=3984, stack(0x000000001a050000,0x000000001a150000)]
  0x0000000019771000 JavaThread "Attach Listener" daemon [_thread_blocked, id=12164, stack(0x0000000019f50000,0x000000001a050000)]
  0x0000000019770000 JavaThread "Signal Dispatcher" daemon [_thread_blocked, id=2260, stack(0x0000000019e50000,0x0000000019f50000)]
  0x0000000019761800 JavaThread "Finalizer" daemon [_thread_blocked, id=16752, stack(0x0000000019c40000,0x0000000019d40000)]
  0x0000000019760800 JavaThread "Reference Handler" daemon [_thread_blocked, id=2704, stack(0x0000000019b40000,0x0000000019c40000)]
  0x0000000002812800 JavaThread "main" [_thread_blocked, id=3120, stack(0x00000000026e0000,0x00000000027e0000)]

Other Threads:
  0x0000000017978800 VMThread [stack: 0x0000000019640000,0x0000000019740000] [id=15788]
  0x0000000019820800 WatcherThread [stack: 0x000000001a550000,0x000000001a650000] [id=12616]

VM state:not at safepoint (normal execution)

VM Mutex/Monitor currently owned by a thread: None

heap address: 0x0000000080000000, size: 2048 MB, Compressed Oops mode: 32-bit
Narrow klass base: 0x0000000000000000, Narrow klass shift: 3
Compressed class space size: 1073741824 Address: 0x0000000100000000

Heap:
 PSYoungGen      total 468992K, used 287160K [0x00000000d5580000, 0x00000000f6c00000, 0x0000000100000000)
  eden space 401920K, 66% used [0x00000000d5580000,0x00000000e5b2e440,0x00000000ede00000)
  from space 67072K, 28% used [0x00000000ede00000,0x00000000ef0bfd58,0x00000000f1f80000)
  to   space 42496K, 0% used [0x00000000f4280000,0x00000000f4280000,0x00000000f6c00000)
 ParOldGen       total 254464K, used 169313K [0x0000000080000000, 0x000000008f880000, 0x00000000d5580000)
  object space 254464K, 66% used [0x0000000080000000,0x000000008a558648,0x000000008f880000)
 Metaspace       used 98578K, capacity 104063K, committed 104216K, reserved 1138688K
  class space    used 13011K, capacity 14074K, committed 14128K, reserved 1048576K

Card table byte_map: [0x0000000011cd0000,0x00000000120e0000] byte_map_base: 0x00000000118d0000

Marking Bits: (ParMarkBitMap*) 0x000000005268f030
 Begin Bits: [0x0000000012b90000, 0x0000000014b90000)
 End Bits:   [0x0000000014b90000, 0x0000000016b90000)

Polling page: 0x00000000009e0000

CodeCache: size=245760Kb used=47638Kb max_used=47638Kb free=198121Kb
 bounds [0x0000000002910000, 0x00000000057d0000, 0x0000000011910000]
 total_blobs=15590 nmethods=14704 adapters=795
 compilation: enabled

Compilation events (10 events):
Event: 52.969 Thread 0x000000001978d000 17393       2       com.android.tools.r8.graph.H0::g (8 bytes)
Event: 52.970 Thread 0x000000001978d000 nmethod 17393 0x00000000057b7c10 code [0x00000000057b7d80, 0x00000000057b7f08]
Event: 52.974 Thread 0x000000001978d000 17395 %     3       java.lang.String::join @ 28 (59 bytes)
Event: 52.975 Thread 0x000000001978d000 nmethod 17395% 0x00000000057ba7d0 code [0x00000000057ba9e0, 0x00000000057bb338]
Event: 52.975 Thread 0x000000001978d000 17396 %     3       com.android.tools.r8.naming.u$b::a @ 22 (88 bytes)
Event: 52.977 Thread 0x000000001978d000 nmethod 17396% 0x00000000057c8150 code [0x00000000057c8480, 0x00000000057c9e18]
Event: 52.977 Thread 0x000000001978d000 17397       3       java.lang.String::join (59 bytes)
Event: 52.978 Thread 0x000000001978d000 nmethod 17397 0x00000000057b9890 code [0x00000000057b9a80, 0x00000000057ba318]
Event: 52.980 Thread 0x000000001978d000 17398       3       com.android.tools.r8.naming.u$b::a (88 bytes)
Event: 52.983 Thread 0x000000001978d000 nmethod 17398 0x00000000057cb010 code [0x00000000057cb340, 0x00000000057ccb98]

GC Heap History (10 events):
Event: 48.720 GC heap before
{Heap before GC invocations=25 (full 4):
 PSYoungGen      total 464896K, used 420183K [0x00000000d5580000, 0x00000000f6100000, 0x0000000100000000)
  eden space 401920K, 100% used [0x00000000d5580000,0x00000000ede00000,0x00000000ede00000)
  from space 62976K, 29% used [0x00000000f2380000,0x00000000f3555fe8,0x00000000f6100000)
  to   space 67072K, 0% used [0x00000000ede00000,0x00000000ede00000,0x00000000f1f80000)
 ParOldGen       total 254464K, used 142864K [0x0000000080000000, 0x000000008f880000, 0x00000000d5580000)
  object space 254464K, 56% used [0x0000000080000000,0x0000000088b84368,0x000000008f880000)
 Metaspace       used 96767K, capacity 102011K, committed 102296K, reserved 1138688K
  class space    used 12795K, capacity 13842K, committed 14000K, reserved 1048576K
Event: 48.749 GC heap after
Heap after GC invocations=25 (full 4):
 PSYoungGen      total 468992K, used 20016K [0x00000000d5580000, 0x00000000f6100000, 0x0000000100000000)
  eden space 401920K, 0% used [0x00000000d5580000,0x00000000d5580000,0x00000000ede00000)
  from space 67072K, 29% used [0x00000000ede00000,0x00000000ef18c0c0,0x00000000f1f80000)
  to   space 62976K, 0% used [0x00000000f2380000,0x00000000f2380000,0x00000000f6100000)
 ParOldGen       total 254464K, used 145968K [0x0000000080000000, 0x000000008f880000, 0x00000000d5580000)
  object space 254464K, 57% used [0x0000000080000000,0x0000000088e8c068,0x000000008f880000)
 Metaspace       used 96767K, capacity 102011K, committed 102296K, reserved 1138688K
  class space    used 12795K, capacity 13842K, committed 14000K, reserved 1048576K
}
Event: 49.353 GC heap before
{Heap before GC invocations=26 (full 4):
 PSYoungGen      total 468992K, used 421936K [0x00000000d5580000, 0x00000000f6100000, 0x0000000100000000)
  eden space 401920K, 100% used [0x00000000d5580000,0x00000000ede00000,0x00000000ede00000)
  from space 67072K, 29% used [0x00000000ede00000,0x00000000ef18c0c0,0x00000000f1f80000)
  to   space 62976K, 0% used [0x00000000f2380000,0x00000000f2380000,0x00000000f6100000)
 ParOldGen       total 254464K, used 145968K [0x0000000080000000, 0x000000008f880000, 0x00000000d5580000)
  object space 254464K, 57% used [0x0000000080000000,0x0000000088e8c068,0x000000008f880000)
 Metaspace       used 96985K, capacity 102279K, committed 102808K, reserved 1138688K
  class space    used 12799K, capacity 13844K, committed 14000K, reserved 1048576K
Event: 49.386 GC heap after
Heap after GC invocations=26 (full 4):
 PSYoungGen      total 464896K, used 19977K [0x00000000d5580000, 0x00000000f6100000, 0x0000000100000000)
  eden space 401920K, 0% used [0x00000000d5580000,0x00000000d5580000,0x00000000ede00000)
  from space 62976K, 31% used [0x00000000f2380000,0x00000000f37026e8,0x00000000f6100000)
  to   space 67072K, 0% used [0x00000000ede00000,0x00000000ede00000,0x00000000f1f80000)
 ParOldGen       total 254464K, used 153435K [0x0000000080000000, 0x000000008f880000, 0x00000000d5580000)
  object space 254464K, 60% used [0x0000000080000000,0x00000000895d6e48,0x000000008f880000)
 Metaspace       used 96985K, capacity 102279K, committed 102808K, reserved 1138688K
  class space    used 12799K, capacity 13844K, committed 14000K, reserved 1048576K
}
Event: 50.345 GC heap before
{Heap before GC invocations=27 (full 4):
 PSYoungGen      total 464896K, used 421897K [0x00000000d5580000, 0x00000000f6100000, 0x0000000100000000)
  eden space 401920K, 100% used [0x00000000d5580000,0x00000000ede00000,0x00000000ede00000)
  from space 62976K, 31% used [0x00000000f2380000,0x00000000f37026e8,0x00000000f6100000)
  to   space 67072K, 0% used [0x00000000ede00000,0x00000000ede00000,0x00000000f1f80000)
 ParOldGen       total 254464K, used 153435K [0x0000000080000000, 0x000000008f880000, 0x00000000d5580000)
  object space 254464K, 60% used [0x0000000080000000,0x00000000895d6e48,0x000000008f880000)
 Metaspace       used 98294K, capacity 103689K, committed 103960K, reserved 1138688K
  class space    used 12978K, capacity 14023K, committed 14128K, reserved 1048576K
Event: 50.367 GC heap after
Heap after GC invocations=27 (full 4):
 PSYoungGen      total 468992K, used 16137K [0x00000000d5580000, 0x00000000f6100000, 0x0000000100000000)
  eden space 401920K, 0% used [0x00000000d5580000,0x00000000d5580000,0x00000000ede00000)
  from space 67072K, 24% used [0x00000000ede00000,0x00000000eedc27a0,0x00000000f1f80000)
  to   space 62976K, 0% used [0x00000000f2380000,0x00000000f2380000,0x00000000f6100000)
 ParOldGen       total 254464K, used 161846K [0x0000000080000000, 0x000000008f880000, 0x00000000d5580000)
  object space 254464K, 63% used [0x0000000080000000,0x0000000089e0db78,0x000000008f880000)
 Metaspace       used 98294K, capacity 103689K, committed 103960K, reserved 1138688K
  class space    used 12978K, capacity 14023K, committed 14128K, reserved 1048576K
}
Event: 51.262 GC heap before
{Heap before GC invocations=28 (full 4):
 PSYoungGen      total 468992K, used 418057K [0x00000000d5580000, 0x00000000f6100000, 0x0000000100000000)
  eden space 401920K, 100% used [0x00000000d5580000,0x00000000ede00000,0x00000000ede00000)
  from space 67072K, 24% used [0x00000000ede00000,0x00000000eedc27a0,0x00000000f1f80000)
  to   space 62976K, 0% used [0x00000000f2380000,0x00000000f2380000,0x00000000f6100000)
 ParOldGen       total 254464K, used 161846K [0x0000000080000000, 0x000000008f880000, 0x00000000d5580000)
  object space 254464K, 63% used [0x0000000080000000,0x0000000089e0db78,0x000000008f880000)
 Metaspace       used 98393K, capacity 103767K, committed 103960K, reserved 1138688K
  class space    used 12979K, capacity 14024K, committed 14128K, reserved 1048576K
Event: 51.289 GC heap after
Heap after GC invocations=28 (full 4):
 PSYoungGen      total 464896K, used 19768K [0x00000000d5580000, 0x00000000f6100000, 0x0000000100000000)
  eden space 401920K, 0% used [0x00000000d5580000,0x00000000d5580000,0x00000000ede00000)
  from space 62976K, 31% used [0x00000000f2380000,0x00000000f36ce1d0,0x00000000f6100000)
  to   space 67072K, 0% used [0x00000000ede00000,0x00000000ede00000,0x00000000f1f80000)
 ParOldGen       total 254464K, used 164890K [0x0000000080000000, 0x000000008f880000, 0x00000000d5580000)
  object space 254464K, 64% used [0x0000000080000000,0x000000008a106b20,0x000000008f880000)
 Metaspace       used 98393K, capacity 103767K, committed 103960K, reserved 1138688K
  class space    used 12979K, capacity 14024K, committed 14128K, reserved 1048576K
}
Event: 52.216 GC heap before
{Heap before GC invocations=29 (full 4):
 PSYoungGen      total 464896K, used 421688K [0x00000000d5580000, 0x00000000f6100000, 0x0000000100000000)
  eden space 401920K, 100% used [0x00000000d5580000,0x00000000ede00000,0x00000000ede00000)
  from space 62976K, 31% used [0x00000000f2380000,0x00000000f36ce1d0,0x00000000f6100000)
  to   space 67072K, 0% used [0x00000000ede00000,0x00000000ede00000,0x00000000f1f80000)
 ParOldGen       total 254464K, used 164890K [0x0000000080000000, 0x000000008f880000, 0x00000000d5580000)
  object space 254464K, 64% used [0x0000000080000000,0x000000008a106b20,0x000000008f880000)
 Metaspace       used 98522K, capacity 103957K, committed 104216K, reserved 1138688K
  class space    used 13002K, capacity 14039K, committed 14128K, reserved 1048576K
Event: 52.244 GC heap after
Heap after GC invocations=29 (full 4):
 PSYoungGen      total 468992K, used 19199K [0x00000000d5580000, 0x00000000f6c00000, 0x0000000100000000)
  eden space 401920K, 0% used [0x00000000d5580000,0x00000000d5580000,0x00000000ede00000)
  from space 67072K, 28% used [0x00000000ede00000,0x00000000ef0bfd58,0x00000000f1f80000)
  to   space 42496K, 0% used [0x00000000f4280000,0x00000000f4280000,0x00000000f6c00000)
 ParOldGen       total 254464K, used 169313K [0x0000000080000000, 0x000000008f880000, 0x00000000d5580000)
  object space 254464K, 66% used [0x0000000080000000,0x000000008a558648,0x000000008f880000)
 Metaspace       used 98522K, capacity 103957K, committed 104216K, reserved 1138688K
  class space    used 13002K, capacity 14039K, committed 14128K, reserved 1048576K
}

Deoptimization events (10 events):
Event: 51.182 Thread 0x000000001e861000 Uncommon trap: reason=unstable_if action=reinterpret pc=0x00000000050defe0 method=com.android.tools.r8.ir.optimize.I.a(Lcom/android/tools/r8/u/b/h0;)Z @ 181
Event: 51.509 Thread 0x000000001e861000 Uncommon trap: reason=unstable_if action=reinterpret pc=0x0000000005720bf8 method=com.android.tools.r8.u.b.n.j()Lcom/android/tools/r8/u/b/n; @ 25
Event: 51.578 Thread 0x000000001e86a000 Uncommon trap: reason=bimorphic action=maybe_recompile pc=0x0000000004d90660 method=com.android.tools.r8.u.b.p1.a(Lcom/android/tools/r8/ir/analysis/type/u;)Lcom/android/tools/r8/u/b/p1; @ 29
Event: 51.645 Thread 0x000000001e86a000 Uncommon trap: reason=bimorphic action=maybe_recompile pc=0x0000000004d90660 method=com.android.tools.r8.u.b.p1.a(Lcom/android/tools/r8/ir/analysis/type/u;)Lcom/android/tools/r8/u/b/p1; @ 29
Event: 52.032 Thread 0x000000001e861000 Uncommon trap: reason=unstable_if action=reinterpret pc=0x00000000055f64dc method=com.android.tools.r8.ir.conversion.n.a(ILjava/util/List;Lcom/android/tools/r8/v/a/a/a/h/G0;ZLcom/android/tools/r8/graph/W;)Lcom/android/tools/r8/ir/conversion/n; @ 263
Event: 52.033 Thread 0x000000001e861000 Uncommon trap: reason=unstable_if action=reinterpret pc=0x000000000501bed0 method=com.android.tools.r8.ir.conversion.n.a(ILjava/util/List;Lcom/android/tools/r8/v/a/a/a/h/G0;ZLcom/android/tools/r8/graph/W;)Lcom/android/tools/r8/ir/conversion/n; @ 263
Event: 52.373 Thread 0x000000001e861000 Uncommon trap: reason=class_check action=maybe_recompile pc=0x00000000053dfb04 method=com.android.tools.r8.u.b.m1.a(Lcom/android/tools/r8/u/b/p1;)Lcom/android/tools/r8/ir/analysis/type/u; @ 143
Event: 52.373 Thread 0x000000001e861000 Uncommon trap: reason=unstable_if action=reinterpret pc=0x0000000005774b40 method=com.android.tools.r8.u.b.Q0.b(Lcom/android/tools/r8/u/b/p1;)V @ 5
Event: 52.800 Thread 0x000000001e86a000 Uncommon trap: reason=array_check action=maybe_recompile pc=0x0000000002d36c28 method=java.util.TimSort.reverseRange([Ljava/lang/Object;II)V @ 27
Event: 52.800 Thread 0x000000001e86a000 Uncommon trap: reason=array_check action=maybe_recompile pc=0x0000000002d3697c method=java.util.TimSort.reverseRange([Ljava/lang/Object;II)V @ 27

Classes redefined (0 events):
No events

Internal exceptions (10 events):
Event: 49.886 Thread 0x0000000032075800 Exception <a 'sun/nio/fs/WindowsException'> (0x00000000e181f3e0) thrown at [C:\src\AOSP-openjdk-git\hotspot\src\share\vm\prims\jni.cpp, line 710]
Event: 49.950 Thread 0x000000001e867000 Exception <a 'java/lang/NoSuchMethodError': <clinit>> (0x00000000e3513e70) thrown at [C:\src\AOSP-openjdk-git\hotspot\src\share\vm\prims\jni.cpp, line 1615]
Event: 49.957 Thread 0x000000001e867000 Exception <a 'java/lang/NoSuchMethodError': <clinit>> (0x00000000e3532d38) thrown at [C:\src\AOSP-openjdk-git\hotspot\src\share\vm\prims\jni.cpp, line 1615]
Event: 50.011 Thread 0x0000000032077000 Exception <a 'java/lang/NoSuchMethodError': java.lang.Object.lambda$asRunnable$0(Lcom/android/tools/build/apkzlib/utils/IOExceptionRunnable;)V> (0x00000000e47e4dd8) thrown at [C:\src\AOSP-openjdk-git\hotspot\src\share\vm\interpreter\linkResolver.cpp, line
Event: 50.132 Thread 0x000000001ef28800 Implicit null exception at 0x00000000034bb0af to 0x00000000034bb1a1
Event: 50.132 Thread 0x0000000032072800 Implicit null exception at 0x00000000034bb0af to 0x00000000034bb1a1
Event: 50.214 Thread 0x0000000032077000 Exception <a 'java/lang/NoSuchMethodError': java.lang.Object.newSystemTemporaryDirectory()Lcom/android/tools/build/apkzlib/bytestorage/TemporaryDirectory;> (0x00000000e99d0b68) thrown at [C:\src\AOSP-openjdk-git\hotspot\src\share\vm\interpreter\linkResolv
Event: 50.383 Thread 0x000000001e861000 Implicit null exception at 0x00000000050b28cf to 0x00000000050b46bd
Event: 50.433 Thread 0x000000001ef2b800 Exception <a 'sun/nio/fs/WindowsException'> (0x00000000d7c7cfd0) thrown at [C:\src\AOSP-openjdk-git\hotspot\src\share\vm\prims\jni.cpp, line 710]
Event: 50.656 Thread 0x0000000019788000 Exception <a 'sun/nio/fs/WindowsException'> (0x00000000dd2545e0) thrown at [C:\src\AOSP-openjdk-git\hotspot\src\share\vm\prims\jni.cpp, line 710]

Events (10 events):
Event: 52.890 loading class com/google/common/hash/Funnels$SinkAsStream
Event: 52.890 loading class com/google/common/hash/Funnels$SinkAsStream done
Event: 52.890 loading class com/google/common/hash/Funnel
Event: 52.890 loading class com/google/common/hash/Funnel done
Event: 52.891 loading class com/android/tools/build/apkzlib/zip/ZFileExtension
Event: 52.891 loading class com/android/tools/build/apkzlib/zip/ZFileExtension done
Event: 52.891 loading class com/android/tools/build/apkzlib/utils/IOExceptionFunction
Event: 52.891 loading class com/android/tools/build/apkzlib/utils/IOExceptionFunction done
Event: 52.905 Thread 0x000000001e86a000 DEOPT PACKING pc=0x0000000005644879 sp=0x0000000028dda3b0
Event: 52.905 Thread 0x000000001e86a000 DEOPT UNPACKING pc=0x00000000029575d0 sp=0x0000000028dda190 mode 0


Dynamic libraries:
0x00007ff664170000 - 0x00007ff6641a1000 	D:\Programms\Android Studio\jre\bin\java.exe
0x00007ffa43a60000 - 0x00007ffa43c50000 	C:\WINDOWS\SYSTEM32\ntdll.dll
0x00007ffa43430000 - 0x00007ffa434e2000 	C:\WINDOWS\System32\KERNEL32.DLL
0x00007ffa415e0000 - 0x00007ffa41883000 	C:\WINDOWS\System32\KERNELBASE.dll
0x00007ffa431c0000 - 0x00007ffa43263000 	C:\WINDOWS\System32\ADVAPI32.dll
0x00007ffa41ee0000 - 0x00007ffa41f7e000 	C:\WINDOWS\System32\msvcrt.dll
0x00007ffa42a90000 - 0x00007ffa42b27000 	C:\WINDOWS\System32\sechost.dll
0x00007ffa42710000 - 0x00007ffa42830000 	C:\WINDOWS\System32\RPCRT4.dll
0x00007ffa42b30000 - 0x00007ffa42cc3000 	C:\WINDOWS\System32\USER32.dll
0x00007ffa412c0000 - 0x00007ffa412e1000 	C:\WINDOWS\System32\win32u.dll
0x00007ffa426d0000 - 0x00007ffa426f6000 	C:\WINDOWS\System32\GDI32.dll
0x00007ffa41340000 - 0x00007ffa414d4000 	C:\WINDOWS\System32\gdi32full.dll
0x00007ffa419e0000 - 0x00007ffa41a7e000 	C:\WINDOWS\System32\msvcp_win.dll
0x00007ffa414e0000 - 0x00007ffa415da000 	C:\WINDOWS\System32\ucrtbase.dll
0x00007ffa2c540000 - 0x00007ffa2c7c5000 	C:\WINDOWS\WinSxS\amd64_microsoft.windows.common-controls_6595b64144ccf1df_6.0.18362.356_none_e6c4af7d130f27cc\COMCTL32.dll
0x00007ffa42e80000 - 0x00007ffa431b6000 	C:\WINDOWS\System32\combase.dll
0x00007ffa409c0000 - 0x00007ffa40a40000 	C:\WINDOWS\System32\bcryptPrimitives.dll
0x00007ffa41de0000 - 0x00007ffa41e0e000 	C:\WINDOWS\System32\IMM32.DLL
0x0000000052c80000 - 0x0000000052d52000 	D:\Programms\Android Studio\jre\jre\bin\msvcr100.dll
0x0000000051ec0000 - 0x000000005270b000 	D:\Programms\Android Studio\jre\jre\bin\server\jvm.dll
0x00007ffa439e0000 - 0x00007ffa439e8000 	C:\WINDOWS\System32\PSAPI.DLL
0x00007ffa2fb30000 - 0x00007ffa2fb39000 	C:\WINDOWS\SYSTEM32\WSOCK32.dll
0x00007ffa3ae20000 - 0x00007ffa3ae2a000 	C:\WINDOWS\SYSTEM32\VERSION.dll
0x00007ffa3b680000 - 0x00007ffa3b6a4000 	C:\WINDOWS\SYSTEM32\WINMM.dll
0x00007ffa42890000 - 0x00007ffa428ff000 	C:\WINDOWS\System32\WS2_32.dll
0x00007ffa3b650000 - 0x00007ffa3b67d000 	C:\WINDOWS\SYSTEM32\winmmbase.dll
0x00007ffa412f0000 - 0x00007ffa4133a000 	C:\WINDOWS\System32\cfgmgr32.dll
0x00007ffa3cb20000 - 0x00007ffa3cb2f000 	D:\Programms\Android Studio\jre\jre\bin\verify.dll
0x00007ffa39bf0000 - 0x00007ffa39c19000 	D:\Programms\Android Studio\jre\jre\bin\java.dll
0x00007ffa3c1c0000 - 0x00007ffa3c1d6000 	D:\Programms\Android Studio\jre\jre\bin\zip.dll
0x00007ffa41fe0000 - 0x00007ffa426c5000 	C:\WINDOWS\System32\SHELL32.dll
0x00007ffa43270000 - 0x00007ffa43319000 	C:\WINDOWS\System32\shcore.dll
0x00007ffa40b40000 - 0x00007ffa412be000 	C:\WINDOWS\System32\windows.storage.dll
0x00007ffa40930000 - 0x00007ffa4094f000 	C:\WINDOWS\System32\profapi.dll
0x00007ffa40970000 - 0x00007ffa409ba000 	C:\WINDOWS\System32\powrprof.dll
0x00007ffa40900000 - 0x00007ffa40910000 	C:\WINDOWS\System32\UMPDC.dll
0x00007ffa41d80000 - 0x00007ffa41dd2000 	C:\WINDOWS\System32\shlwapi.dll
0x00007ffa40910000 - 0x00007ffa40921000 	C:\WINDOWS\System32\kernel.appcore.dll
0x00007ffa40b20000 - 0x00007ffa40b37000 	C:\WINDOWS\System32\cryptsp.dll
0x00007ffa2c020000 - 0x00007ffa2c03a000 	D:\Programms\Android Studio\jre\jre\bin\net.dll
0x00007ffa40120000 - 0x00007ffa40187000 	C:\WINDOWS\system32\mswsock.dll
0x00007ffa2c000000 - 0x00007ffa2c013000 	D:\Programms\Android Studio\jre\jre\bin\nio.dll
0x00007ffa28120000 - 0x00007ffa28146000 	C:\Users\ectuser\.gradle\native\31\windows-amd64\native-platform.dll
0x00007ffa3c160000 - 0x00007ffa3c16d000 	D:\Programms\Android Studio\jre\jre\bin\management.dll
0x00007ffa3fca0000 - 0x00007ffa3fcd3000 	C:\WINDOWS\system32\rsaenh.dll
0x00007ffa40af0000 - 0x00007ffa40b16000 	C:\WINDOWS\System32\bcrypt.dll
0x00007ffa40820000 - 0x00007ffa40845000 	C:\WINDOWS\SYSTEM32\USERENV.dll
0x00007ffa402a0000 - 0x00007ffa402ac000 	C:\WINDOWS\SYSTEM32\CRYPTBASE.dll
0x00007ffa3fe40000 - 0x00007ffa3fe7a000 	C:\WINDOWS\SYSTEM32\IPHLPAPI.DLL
0x00007ffa42700000 - 0x00007ffa42708000 	C:\WINDOWS\System32\NSI.dll
0x00007ffa39450000 - 0x00007ffa39466000 	C:\WINDOWS\SYSTEM32\dhcpcsvc6.DLL
0x00007ffa39430000 - 0x00007ffa3944c000 	C:\WINDOWS\SYSTEM32\dhcpcsvc.DLL
0x00007ffa3fe80000 - 0x00007ffa3ff4a000 	C:\WINDOWS\SYSTEM32\DNSAPI.dll

VM Arguments:
jvm_args: -Xmx2048m -Dfile.encoding=windows-1251 -Duser.country=RU -Duser.language=ru -Duser.variant 
java_command: org.gradle.launcher.daemon.bootstrap.GradleDaemon 6.1.1
java_class_path (initial): C:\Users\ectuser\.gradle\wrapper\dists\gradle-6.1.1-all\cfmwm155h49vnt3hynmlrsdst\gradle-6.1.1\lib\gradle-launcher-6.1.1.jar
Launcher Type: SUN_STANDARD

Environment Variables:
PATH=C:\Python27\;C:\Python27\Scripts;D:\Programms\IntelTools\OpenCL\sdk\bin\x64;D:\Programms\IntelTools\OpenCL\sdk\bin\x86;D:\Programms\IntelTools\OpenCL\sdk\bin\Pin;D:\Programms\IntelTools\OpenCL\sdk\bin\GTPin;C:\Program Files (x86)\Common Files\Oracle\Java\javapath;C:\WINDOWS\system32;C:\WINDOWS;C:\WINDOWS\System32\Wbem;C:\WINDOWS\System32\WindowsPowerShell\v1.0\;C:\WINDOWS\System32\OpenSSH\;D:\Programms\Microsoft VS Code\bin;D:\Programms\Git\cmd;D:\Web\yarn\bin\;C:\Program Files\dotnet\;C:\Program Files\Microsoft SQL Server\130\Tools\Binn\;D:\Programms\Bitvise;D:\Programms\Putty\;D:\Web\wamp64\bin\php\php7.4.0;C:\ProgramData\ComposerSetup\bin;C:\Program Files\MySQL\MySQL Shell 8.0\bin\;C:\Users\ectuser\.dotnet\tools;D:\Programms\Python\Scripts;C:\sqllite;C:\Users\ectuser\AppData\Roaming\npm\node_modules\typescript\lib;D:\Programms\PhpStorm 2019.3.2\bin;C:\Users\ectuser\AppData\Roaming\Composer\vendor\bin;C:\Users\ectuser\AppData\Roaming\npm\vue.cmd;C:\Users\ectuser\AppData\Roaming\npm;C:\Users\ectuser\AppData\Roaming\npm\;C;C:\ProgramData\chocolatey\bin;D:\Programms\Node\;C:\Program Files\MySQL\MySQL Shell 8.0\bin\;C:\Users\ectuser\.dotnet\tools;D:\Programms\Python\Scripts;C:\sqllite;C:\Users\ectuser\AppData\Roaming\npm\node_modules\typescript\lib;D:\Programms\PhpStorm 2019.3.2\bin;;D:\Web\wamp64\bin\php\php7.4.0;C:\Users\ectuser\AppData\Roaming\Composer\vendor\bin;C:\Users\ectuser\AppData\Roaming\npm\;C:\Users\ectuser\AppData\Roaming\npm;D:\Programms\heroku\bin
USERNAME=ectuser
OS=Windows_NT
PROCESSOR_IDENTIFIER=Intel64 Family 6 Model 142 Stepping 10, GenuineIntel



---------------  S Y S T E M  ---------------

OS: Windows 10.0 , 64 bit Build 18362 (10.0.18362.329)

CPU:total 8 (initial active 8) (4 cores per cpu, 2 threads per core) family 6 model 142 stepping 10, cmov, cx8, fxsr, mmx, sse, sse2, sse3, ssse3, sse4.1, sse4.2, popcnt, avx, avx2, aes, clmul, erms, 3dnowpref, lzcnt, ht, tsc, tscinvbit, bmi1, bmi2, adx

Memory: 4k page, physical 8272016k(1469240k free), swap 8534160k(6280k free)

vm_info: OpenJDK 64-Bit Server VM (25.242-b01) for windows-amd64 JRE (1.8.0_242-release-1644-b01), built by "builder" with MS VC++ 10.0 (VS2010)

time: Mon Jul 06 19:15:22 2020
timezone: Томск (зима)
elapsed time: 52 seconds (0d 0h 0m 52s)

