#
# There is insufficient memory for the Java Runtime Environment to continue.
# Native memory allocation (malloc) failed to allocate 1617856 bytes for Chunk::new
# Possible reasons:
#   The system is out of physical RAM or swap space
#   The process is running with CompressedOops enabled, and the Java Heap may be blocking the growth of the native heap
# Possible solutions:
#   Reduce memory load on the system
#   Increase physical memory or swap space
#   Check if swap backing store is full
#   Decrease Java heap size (-Xmx/-Xms)
#   Decrease number of Java threads
#   Decrease Java thread stack sizes (-Xss)
#   Set larger code cache with -XX:ReservedCodeCacheSize=
#   JVM is running with Unscaled Compressed Oops mode in which the Java heap is
#     placed in the first 4GB address space. The Java Heap base address is the
#     maximum limit for the native heap growth. Please use -XX:HeapBaseMinAddress
#     to set the Java Heap base and to place the Java Heap above 4GB virtual address.
# This output file may be truncated or incomplete.
#
#  Out of Memory Error (allocation.cpp:389), pid=7852, tid=0x00000000000029b8
#
# JRE version: OpenJDK Runtime Environment (8.0_242-b01) (build 1.8.0_242-release-1644-b01)
# Java VM: OpenJDK 64-Bit Server VM (25.242-b01 mixed mode windows-amd64 compressed oops)
# Failed to write core dump. Minidumps are not enabled by default on client versions of Windows
#

---------------  T H R E A D  ---------------

Current thread (0x00000000176de000):  JavaThread "C2 CompilerThread1" daemon [_thread_in_native, id=10680, stack(0x0000000019ec0000,0x0000000019fc0000)]

Stack: [0x0000000019ec0000,0x0000000019fc0000]
[error occurred during error reporting (printing stack bounds), id 0xc0000005]

Native frames: (J=compiled Java code, j=interpreted, Vv=VM code, C=native code)


Current CompileTask:
C2:  17434 13180 %     4       com.android.tools.r8.ir.regalloc.a::a @ 9 (952 bytes)


---------------  P R O C E S S  ---------------

Java Threads: ( => current thread )
  0x0000000021893000 JavaThread "stdout" [_thread_in_native, id=11896, stack(0x0000000028360000,0x0000000028460000)]
  0x0000000021892800 JavaThread "stderr" [_thread_in_native, id=8440, stack(0x0000000028260000,0x0000000028360000)]
  0x0000000021891000 JavaThread "pool-2-thread-1" [_thread_blocked, id=7536, stack(0x0000000028160000,0x0000000028260000)]
  0x0000000021891800 JavaThread "WorkerExecutor Queue" [_thread_blocked, id=16852, stack(0x0000000027d60000,0x0000000027e60000)]
  0x000000002188f800 JavaThread "Cache worker for execution history cache (D:\Web\WalkWithMeApplication\WalkWithMe\.gradle\6.1.1\executionHistory)" [_thread_blocked, id=1624, stack(0x0000000026870000,0x0000000026970000)]
  0x000000002188e000 JavaThread "Execution worker for ':' Thread 7" [_thread_in_Java, id=17180, stack(0x0000000026570000,0x0000000026670000)]
  0x000000002188d000 JavaThread "Execution worker for ':' Thread 6" [_thread_in_Java, id=12896, stack(0x0000000026470000,0x0000000026570000)]
  0x000000002188c800 JavaThread "Execution worker for ':' Thread 5" [_thread_in_Java, id=15288, stack(0x0000000026370000,0x0000000026470000)]
  0x000000001cc4b000 JavaThread "Execution worker for ':' Thread 4" [_thread_in_Java, id=16684, stack(0x0000000026270000,0x0000000026370000)]
  0x000000001cc4a000 JavaThread "Execution worker for ':' Thread 3" [_thread_in_Java, id=13368, stack(0x0000000026170000,0x0000000026270000)]
  0x000000001cc48800 JavaThread "Execution worker for ':' Thread 2" [_thread_blocked, id=9372, stack(0x0000000026070000,0x0000000026170000)]
  0x000000001cc48000 JavaThread "Execution worker for ':'" [_thread_blocked, id=8968, stack(0x00000000258f0000,0x00000000259f0000)]
  0x000000001cc49800 JavaThread "Cache worker for file content cache (D:\Web\WalkWithMeApplication\WalkWithMe\.gradle\6.1.1\fileContent)" [_thread_blocked, id=7840, stack(0x00000000257f0000,0x00000000258f0000)]
  0x000000001cc47000 JavaThread "Cache worker for file content cache (C:\Users\ectuser\.gradle\caches\6.1.1\fileContent)" [_thread_blocked, id=10768, stack(0x00000000256f0000,0x00000000257f0000)]
  0x000000001cc46800 JavaThread "Memory manager" [_thread_blocked, id=11908, stack(0x00000000255f0000,0x00000000256f0000)]
  0x000000001cc45800 JavaThread "Cache worker for Build Output Cleanup Cache (D:\Web\WalkWithMeApplication\WalkWithMe\.gradle\buildOutputCleanup)" [_thread_blocked, id=8836, stack(0x0000000023ad0000,0x0000000023bd0000)]
  0x000000001cc44800 JavaThread "pool-1-thread-1" [_thread_blocked, id=9768, stack(0x0000000020d60000,0x0000000020e60000)]
  0x000000001cc3e000 JavaThread "Build operations Thread 8" [_thread_blocked, id=440, stack(0x00000000244f0000,0x00000000245f0000)]
  0x000000001cc44000 JavaThread "Build operations Thread 7" [_thread_blocked, id=16180, stack(0x00000000243f0000,0x00000000244f0000)]
  0x000000001cc3c800 JavaThread "Build operations Thread 6" [_thread_blocked, id=7844, stack(0x00000000242f0000,0x00000000243f0000)]
  0x000000001cc43000 JavaThread "Build operations Thread 5" [_thread_blocked, id=2796, stack(0x00000000241f0000,0x00000000242f0000)]
  0x000000001cc41800 JavaThread "Build operations Thread 4" [_thread_blocked, id=1948, stack(0x00000000240f0000,0x00000000241f0000)]
  0x000000001cc40000 JavaThread "Build operations Thread 3" [_thread_blocked, id=12848, stack(0x0000000023ff0000,0x00000000240f0000)]
  0x000000001cc3b800 JavaThread "Build operations Thread 2" [_thread_blocked, id=14416, stack(0x0000000023ef0000,0x0000000023ff0000)]
  0x000000001cc3d000 JavaThread "Build operations" [_thread_blocked, id=8196, stack(0x0000000023df0000,0x0000000023ef0000)]
  0x000000001c2d3800 JavaThread "Cache worker for execution history cache (C:\Users\ectuser\.gradle\caches\6.1.1\executionHistory)" [_thread_blocked, id=11628, stack(0x00000000206c0000,0x00000000207c0000)]
  0x000000001c2d9000 JavaThread "Cache worker for cache directory md-rule (C:\Users\ectuser\.gradle\caches\6.1.1\md-rule)" [_thread_blocked, id=15268, stack(0x00000000205c0000,0x00000000206c0000)]
  0x000000001c2d5000 JavaThread "Cache worker for cache directory md-supplier (C:\Users\ectuser\.gradle\caches\6.1.1\md-supplier)" [_thread_blocked, id=1228, stack(0x0000000020850000,0x0000000020950000)]
  0x000000001c2d8000 JavaThread "Cache worker for file hash cache (D:\Web\WalkWithMeApplication\WalkWithMe\.gradle\6.1.1\fileHashes)" [_thread_blocked, id=10352, stack(0x0000000020a60000,0x0000000020b60000)]
  0x000000001c2d6000 JavaThread "Cache worker for checksums cache (D:\Web\WalkWithMeApplication\WalkWithMe\.gradle\checksums)" [_thread_blocked, id=12504, stack(0x0000000020960000,0x0000000020a60000)]
  0x000000001c2d4800 JavaThread "Cache worker for file hash cache (C:\Users\ectuser\.gradle\caches\6.1.1\fileHashes)" [_thread_blocked, id=12324, stack(0x000000001e320000,0x000000001e420000)]
  0x000000001c2d2000 JavaThread "File lock request listener" [_thread_in_native, id=12744, stack(0x000000001e220000,0x000000001e320000)]
  0x000000001c2d7800 JavaThread "Cache worker for journal cache (C:\Users\ectuser\.gradle\caches\journal-1)" [_thread_blocked, id=14700, stack(0x000000001e120000,0x000000001e220000)]
  0x000000001c1af800 JavaThread "Thread-9" [_thread_blocked, id=16716, stack(0x000000001de20000,0x000000001df20000)]
  0x000000001c26b000 JavaThread "Stdin handler" [_thread_blocked, id=13956, stack(0x000000001dd20000,0x000000001de20000)]
  0x000000001c231800 JavaThread "Asynchronous log dispatcher for DefaultDaemonConnection: socket connection from /127.0.0.1:63930 to /127.0.0.1:63931" [_thread_blocked, id=6968, stack(0x000000001db20000,0x000000001dc20000)]
  0x000000001c22d800 JavaThread "Daemon worker" [_thread_blocked, id=9944, stack(0x000000001da20000,0x000000001db20000)]
  0x000000001c22c800 JavaThread "Cancel handler" [_thread_blocked, id=10164, stack(0x000000001d920000,0x000000001da20000)]
  0x000000001c19e000 JavaThread "Handler for socket connection from /127.0.0.1:63930 to /127.0.0.1:63931" [_thread_in_native, id=8056, stack(0x000000001d620000,0x000000001d720000)]
  0x000000001c19d800 JavaThread "Daemon" [_thread_blocked, id=9808, stack(0x000000001d520000,0x000000001d620000)]
  0x000000001c185800 JavaThread "Daemon periodic checks" [_thread_blocked, id=8524, stack(0x000000001d420000,0x000000001d520000)]
  0x000000001c182000 JavaThread "Incoming local TCP Connector on port 63930" [_thread_in_native, id=10196, stack(0x000000001d1d0000,0x000000001d2d0000)]
  0x0000000019622800 JavaThread "Daemon health stats" [_thread_blocked, id=17400, stack(0x000000001bb90000,0x000000001bc90000)]
  0x0000000019501000 JavaThread "Service Thread" daemon [_thread_blocked, id=1480, stack(0x000000001a1c0000,0x000000001a2c0000)]
  0x00000000194ed000 JavaThread "C1 CompilerThread3" daemon [_thread_blocked, id=4940, stack(0x000000001a0c0000,0x000000001a1c0000)]
  0x00000000194e9000 JavaThread "C2 CompilerThread2" daemon [_thread_in_native, id=14544, stack(0x0000000019fc0000,0x000000001a0c0000)]
=>0x00000000176de000 JavaThread "C2 CompilerThread1" daemon [_thread_in_native, id=10680, stack(0x0000000019ec0000,0x0000000019fc0000)]
  0x00000000176dc000 JavaThread "C2 CompilerThread0" daemon [_thread_in_native, id=1092, stack(0x0000000019dc0000,0x0000000019ec0000)]
  0x00000000194e3000 JavaThread "Attach Listener" daemon [_thread_blocked, id=11472, stack(0x0000000019cc0000,0x0000000019dc0000)]
  0x00000000194e6000 JavaThread "Signal Dispatcher" daemon [_thread_blocked, id=7336, stack(0x0000000019bc0000,0x0000000019cc0000)]
  0x000000000265c800 JavaThread "Finalizer" daemon [_thread_blocked, id=13468, stack(0x00000000199b0000,0x0000000019ab0000)]
  0x00000000194d0800 JavaThread "Reference Handler" daemon [_thread_blocked, id=15936, stack(0x00000000198b0000,0x00000000199b0000)]
  0x0000000002562800 JavaThread "main" [_thread_blocked, id=13844, stack(0x0000000002460000,0x0000000002560000)]

Other Threads:
  0x00000000176c8800 VMThread [stack: 0x00000000193b0000,0x00000000194b0000] [id=7216]
  0x0000000019503000 WatcherThread [stack: 0x000000001a2c0000,0x000000001a3c0000] [id=12944]

VM state:not at safepoint (normal execution)

VM Mutex/Monitor currently owned by a thread: None

heap address: 0x0000000080000000, size: 2048 MB, Compressed Oops mode: 32-bit
Narrow klass base: 0x0000000000000000, Narrow klass shift: 3
Compressed class space size: 1073741824 Address: 0x0000000100000000

Heap:
 PSYoungGen      total 429568K, used 43158K [0x00000000d5580000, 0x00000000f6a00000, 0x0000000100000000)
  eden space 375296K, 3% used [0x00000000d5580000,0x00000000d611a968,0x00000000ec400000)
  from space 54272K, 57% used [0x00000000f3500000,0x00000000f538ae98,0x00000000f6a00000)
  to   space 57344K, 0% used [0x00000000ec400000,0x00000000ec400000,0x00000000efc00000)
 ParOldGen       total 272896K, used 124994K [0x0000000080000000, 0x0000000090a80000, 0x00000000d5580000)
  object space 272896K, 45% used [0x0000000080000000,0x0000000087a10b70,0x0000000090a80000)
 Metaspace       used 81810K, capacity 85510K, committed 87896K, reserved 1124352K
  class space    used 10987K, capacity 11768K, committed 12416K, reserved 1048576K

Card table byte_map: [0x0000000011a20000,0x0000000011e30000] byte_map_base: 0x0000000011620000

Marking Bits: (ParMarkBitMap*) 0x000000005268f030
 Begin Bits: [0x00000000128e0000, 0x00000000148e0000)
 End Bits:   [0x00000000148e0000, 0x00000000168e0000)

Polling page: 0x00000000022f0000

CodeCache: size=245760Kb used=37743Kb max_used=38444Kb free=208016Kb
 bounds [0x0000000002660000, 0x0000000004c20000, 0x0000000011660000]
 total_blobs=12888 nmethods=12038 adapters=760
 compilation: enabled

Compilation events (10 events):
Event: 17.373 Thread 0x00000000194ed000 14352  s    2       java.util.Stack::peek (25 bytes)
Event: 17.373 Thread 0x00000000194ed000 nmethod 14352 0x000000000295d890 code [0x000000000295da20, 0x000000000295def8]
Event: 17.375 Thread 0x00000000194ed000 14353       2       com.android.tools.r8.u.b.h1::a (30 bytes)
Event: 17.376 Thread 0x00000000194ed000 nmethod 14353 0x000000000392b310 code [0x000000000392b4a0, 0x000000000392b778]
Event: 17.376 Thread 0x00000000194ed000 14354       2       com.android.tools.r8.code.O3::<init> (6 bytes)
Event: 17.376 Thread 0x00000000194ed000 nmethod 14354 0x0000000004188910 code [0x0000000004188a80, 0x0000000004188be8]
Event: 17.376 Thread 0x00000000194ed000 14355       2       com.android.tools.r8.code.G0::<init> (72 bytes)
Event: 17.377 Thread 0x00000000194ed000 nmethod 14355 0x0000000003b3fed0 code [0x0000000003b40020, 0x0000000003b40170]
Event: 17.431 Thread 0x00000000194ed000 14356       2       com.android.tools.r8.u.b.q::add (16 bytes)
Event: 17.432 Thread 0x00000000194ed000 nmethod 14356 0x0000000004188550 code [0x00000000041886c0, 0x0000000004188868]

GC Heap History (10 events):
Event: 14.631 GC heap before
{Heap before GC invocations=18 (full 3):
 PSYoungGen      total 356352K, used 337266K [0x00000000d5580000, 0x00000000ef580000, 0x0000000100000000)
  eden space 297472K, 100% used [0x00000000d5580000,0x00000000e7800000,0x00000000e7800000)
  from space 58880K, 67% used [0x00000000eb400000,0x00000000edadca70,0x00000000eed80000)
  to   space 61440K, 0% used [0x00000000e7800000,0x00000000e7800000,0x00000000eb400000)
 ParOldGen       total 137728K, used 107033K [0x0000000080000000, 0x0000000088680000, 0x00000000d5580000)
  object space 137728K, 77% used [0x0000000080000000,0x00000000868867b8,0x0000000088680000)
 Metaspace       used 81734K, capacity 86866K, committed 87000K, reserved 1124352K
  class space    used 11243K, capacity 12232K, committed 12288K, reserved 1048576K
Event: 14.671 GC heap after
Heap after GC invocations=18 (full 3):
 PSYoungGen      total 358912K, used 22715K [0x00000000d5580000, 0x00000000f4000000, 0x0000000100000000)
  eden space 297472K, 0% used [0x00000000d5580000,0x00000000d5580000,0x00000000e7800000)
  from space 61440K, 36% used [0x00000000e7800000,0x00000000e8e2ec70,0x00000000eb400000)
  to   space 57856K, 0% used [0x00000000f0780000,0x00000000f0780000,0x00000000f4000000)
 ParOldGen       total 137728K, used 129732K [0x0000000080000000, 0x0000000088680000, 0x00000000d5580000)
  object space 137728K, 94% used [0x0000000080000000,0x0000000087eb12b8,0x0000000088680000)
 Metaspace       used 81734K, capacity 86866K, committed 87000K, reserved 1124352K
  class space    used 11243K, capacity 12232K, committed 12288K, reserved 1048576K
}
Event: 14.671 GC heap before
{Heap before GC invocations=19 (full 4):
 PSYoungGen      total 358912K, used 22715K [0x00000000d5580000, 0x00000000f4000000, 0x0000000100000000)
  eden space 297472K, 0% used [0x00000000d5580000,0x00000000d5580000,0x00000000e7800000)
  from space 61440K, 36% used [0x00000000e7800000,0x00000000e8e2ec70,0x00000000eb400000)
  to   space 57856K, 0% used [0x00000000f0780000,0x00000000f0780000,0x00000000f4000000)
 ParOldGen       total 137728K, used 129732K [0x0000000080000000, 0x0000000088680000, 0x00000000d5580000)
  object space 137728K, 94% used [0x0000000080000000,0x0000000087eb12b8,0x0000000088680000)
 Metaspace       used 81734K, capacity 86866K, committed 87000K, reserved 1124352K
  class space    used 11243K, capacity 12232K, committed 12288K, reserved 1048576K
Event: 15.087 GC heap after
Heap after GC invocations=19 (full 4):
 PSYoungGen      total 358912K, used 0K [0x00000000d5580000, 0x00000000f4000000, 0x0000000100000000)
  eden space 297472K, 0% used [0x00000000d5580000,0x00000000d5580000,0x00000000e7800000)
  from space 61440K, 0% used [0x00000000e7800000,0x00000000e7800000,0x00000000eb400000)
  to   space 57856K, 0% used [0x00000000f0780000,0x00000000f0780000,0x00000000f4000000)
 ParOldGen       total 272896K, used 124978K [0x0000000080000000, 0x0000000090a80000, 0x00000000d5580000)
  object space 272896K, 45% used [0x0000000080000000,0x0000000087a0cb70,0x0000000090a80000)
 Metaspace       used 80839K, capacity 84448K, committed 87000K, reserved 1124352K
  class space    used 10938K, capacity 11691K, committed 12288K, reserved 1048576K
}
Event: 15.782 GC heap before
{Heap before GC invocations=20 (full 4):
 PSYoungGen      total 358912K, used 297472K [0x00000000d5580000, 0x00000000f4000000, 0x0000000100000000)
  eden space 297472K, 100% used [0x00000000d5580000,0x00000000e7800000,0x00000000e7800000)
  from space 61440K, 0% used [0x00000000e7800000,0x00000000e7800000,0x00000000eb400000)
  to   space 57856K, 0% used [0x00000000f0780000,0x00000000f0780000,0x00000000f4000000)
 ParOldGen       total 272896K, used 124978K [0x0000000080000000, 0x0000000090a80000, 0x00000000d5580000)
  object space 272896K, 45% used [0x0000000080000000,0x0000000087a0cb70,0x0000000090a80000)
 Metaspace       used 81107K, capacity 84742K, committed 87256K, reserved 1124352K
  class space    used 10942K, capacity 11692K, committed 12288K, reserved 1048576K
Event: 15.796 GC heap after
Heap after GC invocations=20 (full 4):
 PSYoungGen      total 420864K, used 6763K [0x00000000d5580000, 0x00000000f3400000, 0x0000000100000000)
  eden space 375296K, 0% used [0x00000000d5580000,0x00000000d5580000,0x00000000ec400000)
  from space 45568K, 14% used [0x00000000f0780000,0x00000000f0e1adf0,0x00000000f3400000)
  to   space 57344K, 0% used [0x00000000ec400000,0x00000000ec400000,0x00000000efc00000)
 ParOldGen       total 272896K, used 124978K [0x0000000080000000, 0x0000000090a80000, 0x00000000d5580000)
  object space 272896K, 45% used [0x0000000080000000,0x0000000087a0cb70,0x0000000090a80000)
 Metaspace       used 81107K, capacity 84742K, committed 87256K, reserved 1124352K
  class space    used 10942K, capacity 11692K, committed 12288K, reserved 1048576K
}
Event: 16.720 GC heap before
{Heap before GC invocations=21 (full 4):
 PSYoungGen      total 420864K, used 382059K [0x00000000d5580000, 0x00000000f3400000, 0x0000000100000000)
  eden space 375296K, 100% used [0x00000000d5580000,0x00000000ec400000,0x00000000ec400000)
  from space 45568K, 14% used [0x00000000f0780000,0x00000000f0e1adf0,0x00000000f3400000)
  to   space 57344K, 0% used [0x00000000ec400000,0x00000000ec400000,0x00000000efc00000)
 ParOldGen       total 272896K, used 124978K [0x0000000080000000, 0x0000000090a80000, 0x00000000d5580000)
  object space 272896K, 45% used [0x0000000080000000,0x0000000087a0cb70,0x0000000090a80000)
 Metaspace       used 81431K, capacity 85130K, committed 87512K, reserved 1124352K
  class space    used 10947K, capacity 11698K, committed 12288K, reserved 1048576K
Event: 16.742 GC heap after
Heap after GC invocations=21 (full 4):
 PSYoungGen      total 432640K, used 20587K [0x00000000d5580000, 0x00000000f6a00000, 0x0000000100000000)
  eden space 375296K, 0% used [0x00000000d5580000,0x00000000d5580000,0x00000000ec400000)
  from space 57344K, 35% used [0x00000000ec400000,0x00000000ed81ac30,0x00000000efc00000)
  to   space 54272K, 0% used [0x00000000f3500000,0x00000000f3500000,0x00000000f6a00000)
 ParOldGen       total 272896K, used 124986K [0x0000000080000000, 0x0000000090a80000, 0x00000000d5580000)
  object space 272896K, 45% used [0x0000000080000000,0x0000000087a0eb70,0x0000000090a80000)
 Metaspace       used 81431K, capacity 85130K, committed 87512K, reserved 1124352K
  class space    used 10947K, capacity 11698K, committed 12288K, reserved 1048576K
}
Event: 17.378 GC heap before
{Heap before GC invocations=22 (full 4):
 PSYoungGen      total 432640K, used 395883K [0x00000000d5580000, 0x00000000f6a00000, 0x0000000100000000)
  eden space 375296K, 100% used [0x00000000d5580000,0x00000000ec400000,0x00000000ec400000)
  from space 57344K, 35% used [0x00000000ec400000,0x00000000ed81ac30,0x00000000efc00000)
  to   space 54272K, 0% used [0x00000000f3500000,0x00000000f3500000,0x00000000f6a00000)
 ParOldGen       total 272896K, used 124986K [0x0000000080000000, 0x0000000090a80000, 0x00000000d5580000)
  object space 272896K, 45% used [0x0000000080000000,0x0000000087a0eb70,0x0000000090a80000)
 Metaspace       used 81810K, capacity 85510K, committed 87896K, reserved 1124352K
  class space    used 10987K, capacity 11768K, committed 12416K, reserved 1048576K
Event: 17.431 GC heap after
Heap after GC invocations=22 (full 4):
 PSYoungGen      total 429568K, used 31275K [0x00000000d5580000, 0x00000000f6a00000, 0x0000000100000000)
  eden space 375296K, 0% used [0x00000000d5580000,0x00000000d5580000,0x00000000ec400000)
  from space 54272K, 57% used [0x00000000f3500000,0x00000000f538ae98,0x00000000f6a00000)
  to   space 57344K, 0% used [0x00000000ec400000,0x00000000ec400000,0x00000000efc00000)
 ParOldGen       total 272896K, used 124994K [0x0000000080000000, 0x0000000090a80000, 0x00000000d5580000)
  object space 272896K, 45% used [0x0000000080000000,0x0000000087a10b70,0x0000000090a80000)
 Metaspace       used 81810K, capacity 85510K, committed 87896K, reserved 1124352K
  class space    used 10987K, capacity 11768K, committed 12416K, reserved 1048576K
}

Deoptimization events (10 events):
Event: 16.260 Thread 0x000000001c2d3800 Uncommon trap: reason=unstable_if action=reinterpret pc=0x0000000002ffb0ac method=org.gradle.internal.io.StreamByteBuffer.prepareRead()I @ 30
Event: 16.487 Thread 0x000000001cc4a000 Uncommon trap: reason=predicate action=maybe_recompile pc=0x0000000004ba4138 method=java.util.TimSort.binarySort([Ljava/lang/Object;IIILjava/util/Comparator;)V @ 37
Event: 16.636 Thread 0x000000001c22d800 Uncommon trap: reason=unstable_if action=reinterpret pc=0x0000000004307e44 method=com.android.tools.r8.B.a.a.f.<init>([BIZ)V @ 362
Event: 16.769 Thread 0x000000001cc4a000 Uncommon trap: reason=unstable_if action=reinterpret pc=0x00000000041d5e7c method=org.objectweb.asm.MethodWriter.visitParameterAnnotation(ILjava/lang/String;Z)Lorg/objectweb/asm/AnnotationVisitor; @ 1
Event: 16.892 Thread 0x000000001cc4a000 Uncommon trap: reason=array_check action=maybe_recompile pc=0x0000000004bce21c method=java.util.TimSort.binarySort([Ljava/lang/Object;IIILjava/util/Comparator;)V @ 193
Event: 17.017 Thread 0x000000002188e000 Uncommon trap: reason=unstable_if action=reinterpret pc=0x0000000002866db8 method=com.android.tools.r8.u.b.S0.equals(Ljava/lang/Object;)Z @ 60
Event: 17.046 Thread 0x000000002188d000 Uncommon trap: reason=unstable_if action=reinterpret pc=0x0000000002d46584 method=java.util.HashMap.getNode(ILjava/lang/Object;)Ljava/util/HashMap$Node; @ 84
Event: 17.123 Thread 0x000000002188d000 Uncommon trap: reason=array_check action=maybe_recompile pc=0x0000000004bce2e4 method=java.util.TimSort.binarySort([Ljava/lang/Object;IIILjava/util/Comparator;)V @ 183
Event: 17.124 Thread 0x000000002188d000 Uncommon trap: reason=array_check action=maybe_recompile pc=0x0000000004bce21c method=java.util.TimSort.binarySort([Ljava/lang/Object;IIILjava/util/Comparator;)V @ 193
Event: 17.124 Thread 0x000000002188d000 Uncommon trap: reason=array_check action=maybe_recompile pc=0x0000000004bce2e4 method=java.util.TimSort.binarySort([Ljava/lang/Object;IIILjava/util/Comparator;)V @ 183

Classes redefined (0 events):
No events

Internal exceptions (10 events):
Event: 16.235 Thread 0x000000001cc4a000 Exception <a 'sun/nio/fs/WindowsException'> (0x00000000dc98ae70) thrown at [C:\src\AOSP-openjdk-git\hotspot\src\share\vm\prims\jni.cpp, line 710]
Event: 16.283 Thread 0x000000001c22d800 Exception <a 'sun/nio/fs/WindowsException'> (0x00000000ddd2aa38) thrown at [C:\src\AOSP-openjdk-git\hotspot\src\share\vm\prims\jni.cpp, line 710]
Event: 16.412 Thread 0x000000002188c800 Exception <a 'sun/nio/fs/WindowsException'> (0x00000000e2be35c8) thrown at [C:\src\AOSP-openjdk-git\hotspot\src\share\vm\prims\jni.cpp, line 710]
Event: 16.453 Thread 0x000000001cc4a000 Exception <a 'sun/nio/fs/WindowsException'> (0x00000000e277f000) thrown at [C:\src\AOSP-openjdk-git\hotspot\src\share\vm\prims\jni.cpp, line 710]
Event: 16.576 Thread 0x000000001c22d800 Exception <a 'sun/nio/fs/WindowsException'> (0x00000000e71be6b8) thrown at [C:\src\AOSP-openjdk-git\hotspot\src\share\vm\prims\jni.cpp, line 710]
Event: 16.576 Thread 0x000000001cc4a000 Exception <a 'sun/nio/fs/WindowsException'> (0x00000000e467eeb0) thrown at [C:\src\AOSP-openjdk-git\hotspot\src\share\vm\prims\jni.cpp, line 710]
Event: 16.632 Thread 0x000000002188c800 Exception <a 'sun/nio/fs/WindowsException'> (0x00000000e807aa20) thrown at [C:\src\AOSP-openjdk-git\hotspot\src\share\vm\prims\jni.cpp, line 710]
Event: 17.024 Thread 0x000000001cc4a000 Exception <a 'sun/nio/fs/WindowsException'> (0x00000000e03ca040) thrown at [C:\src\AOSP-openjdk-git\hotspot\src\share\vm\prims\jni.cpp, line 710]
Event: 17.249 Thread 0x000000002188d000 Exception <a 'sun/nio/fs/WindowsException'> (0x00000000e735dd00) thrown at [C:\src\AOSP-openjdk-git\hotspot\src\share\vm\prims\jni.cpp, line 710]
Event: 17.364 Thread 0x000000002188d000 Exception <a 'sun/nio/fs/WindowsException'> (0x00000000ebcbf260) thrown at [C:\src\AOSP-openjdk-git\hotspot\src\share\vm\prims\jni.cpp, line 710]

Events (10 events):
Event: 17.262 Thread 0x000000002188d000 DEOPT PACKING pc=0x000000000402d464 sp=0x000000002656cba0
Event: 17.262 Thread 0x000000002188d000 DEOPT UNPACKING pc=0x00000000026a75d0 sp=0x000000002656c8c0 mode 0
Event: 17.332 Thread 0x000000001cc4b000 DEOPT PACKING pc=0x0000000004be8ad4 sp=0x0000000026369da0
Event: 17.332 Thread 0x000000001cc4b000 DEOPT UNPACKING pc=0x00000000026a75d0 sp=0x0000000026369b08 mode 0
Event: 17.370 Thread 0x000000001cc4a000 DEOPT PACKING pc=0x0000000004507ff9 sp=0x000000002626a520
Event: 17.370 Thread 0x000000001cc4a000 DEOPT UNPACKING pc=0x00000000026a75d0 sp=0x000000002626a240 mode 0
Event: 17.377 Executing VM operation: ParallelGCFailedAllocation
Event: 17.431 Executing VM operation: ParallelGCFailedAllocation done
Event: 17.431 Executing VM operation: RevokeBias
Event: 17.432 Executing VM operation: RevokeBias done


Dynamic libraries:
0x00007ff664170000 - 0x00007ff6641a1000 	D:\Programms\Android Studio\jre\bin\java.exe
0x00007ffa43a60000 - 0x00007ffa43c50000 	C:\WINDOWS\SYSTEM32\ntdll.dll
0x00007ffa43430000 - 0x00007ffa434e2000 	C:\WINDOWS\System32\KERNEL32.DLL
0x00007ffa415e0000 - 0x00007ffa41883000 	C:\WINDOWS\System32\KERNELBASE.dll
0x00007ffa431c0000 - 0x00007ffa43263000 	C:\WINDOWS\System32\ADVAPI32.dll
0x00007ffa41ee0000 - 0x00007ffa41f7e000 	C:\WINDOWS\System32\msvcrt.dll
0x00007ffa42a90000 - 0x00007ffa42b27000 	C:\WINDOWS\System32\sechost.dll
0x00007ffa42710000 - 0x00007ffa42830000 	C:\WINDOWS\System32\RPCRT4.dll
0x00007ffa42b30000 - 0x00007ffa42cc3000 	C:\WINDOWS\System32\USER32.dll
0x00007ffa412c0000 - 0x00007ffa412e1000 	C:\WINDOWS\System32\win32u.dll
0x00007ffa426d0000 - 0x00007ffa426f6000 	C:\WINDOWS\System32\GDI32.dll
0x00007ffa41340000 - 0x00007ffa414d4000 	C:\WINDOWS\System32\gdi32full.dll
0x00007ffa419e0000 - 0x00007ffa41a7e000 	C:\WINDOWS\System32\msvcp_win.dll
0x00007ffa414e0000 - 0x00007ffa415da000 	C:\WINDOWS\System32\ucrtbase.dll
0x00007ffa2c540000 - 0x00007ffa2c7c5000 	C:\WINDOWS\WinSxS\amd64_microsoft.windows.common-controls_6595b64144ccf1df_6.0.18362.356_none_e6c4af7d130f27cc\COMCTL32.dll
0x00007ffa42e80000 - 0x00007ffa431b6000 	C:\WINDOWS\System32\combase.dll
0x00007ffa409c0000 - 0x00007ffa40a40000 	C:\WINDOWS\System32\bcryptPrimitives.dll
0x00007ffa41de0000 - 0x00007ffa41e0e000 	C:\WINDOWS\System32\IMM32.DLL
0x0000000052c80000 - 0x0000000052d52000 	D:\Programms\Android Studio\jre\jre\bin\msvcr100.dll
0x0000000051ec0000 - 0x000000005270b000 	D:\Programms\Android Studio\jre\jre\bin\server\jvm.dll
0x00007ffa439e0000 - 0x00007ffa439e8000 	C:\WINDOWS\System32\PSAPI.DLL
0x00007ffa2fb30000 - 0x00007ffa2fb39000 	C:\WINDOWS\SYSTEM32\WSOCK32.dll
0x00007ffa3ae20000 - 0x00007ffa3ae2a000 	C:\WINDOWS\SYSTEM32\VERSION.dll
0x00007ffa3b680000 - 0x00007ffa3b6a4000 	C:\WINDOWS\SYSTEM32\WINMM.dll
0x00007ffa42890000 - 0x00007ffa428ff000 	C:\WINDOWS\System32\WS2_32.dll
0x00007ffa3b650000 - 0x00007ffa3b67d000 	C:\WINDOWS\SYSTEM32\WINMMBASE.dll
0x00007ffa412f0000 - 0x00007ffa4133a000 	C:\WINDOWS\System32\cfgmgr32.dll
0x00007ffa3cb20000 - 0x00007ffa3cb2f000 	D:\Programms\Android Studio\jre\jre\bin\verify.dll
0x00007ffa39bf0000 - 0x00007ffa39c19000 	D:\Programms\Android Studio\jre\jre\bin\java.dll
0x00007ffa3c1c0000 - 0x00007ffa3c1d6000 	D:\Programms\Android Studio\jre\jre\bin\zip.dll
0x00007ffa41fe0000 - 0x00007ffa426c5000 	C:\WINDOWS\System32\SHELL32.dll
0x00007ffa43270000 - 0x00007ffa43319000 	C:\WINDOWS\System32\shcore.dll
0x00007ffa40b40000 - 0x00007ffa412be000 	C:\WINDOWS\System32\windows.storage.dll
0x00007ffa40930000 - 0x00007ffa4094f000 	C:\WINDOWS\System32\profapi.dll
0x00007ffa40970000 - 0x00007ffa409ba000 	C:\WINDOWS\System32\powrprof.dll
0x00007ffa40900000 - 0x00007ffa40910000 	C:\WINDOWS\System32\UMPDC.dll
0x00007ffa41d80000 - 0x00007ffa41dd2000 	C:\WINDOWS\System32\shlwapi.dll
0x00007ffa40910000 - 0x00007ffa40921000 	C:\WINDOWS\System32\kernel.appcore.dll
0x00007ffa40b20000 - 0x00007ffa40b37000 	C:\WINDOWS\System32\cryptsp.dll
0x00007ffa2c020000 - 0x00007ffa2c03a000 	D:\Programms\Android Studio\jre\jre\bin\net.dll
0x00007ffa40120000 - 0x00007ffa40187000 	C:\WINDOWS\system32\mswsock.dll
0x00007ffa2c000000 - 0x00007ffa2c013000 	D:\Programms\Android Studio\jre\jre\bin\nio.dll
0x00007ffa28120000 - 0x00007ffa28146000 	C:\Users\ectuser\.gradle\native\31\windows-amd64\native-platform.dll
0x00007ffa3c160000 - 0x00007ffa3c16d000 	D:\Programms\Android Studio\jre\jre\bin\management.dll
0x00007ffa3fca0000 - 0x00007ffa3fcd3000 	C:\WINDOWS\system32\rsaenh.dll
0x00007ffa40af0000 - 0x00007ffa40b16000 	C:\WINDOWS\System32\bcrypt.dll
0x00007ffa40820000 - 0x00007ffa40845000 	C:\WINDOWS\SYSTEM32\USERENV.dll
0x00007ffa402a0000 - 0x00007ffa402ac000 	C:\WINDOWS\SYSTEM32\CRYPTBASE.dll
0x00007ffa3fe40000 - 0x00007ffa3fe7a000 	C:\WINDOWS\SYSTEM32\IPHLPAPI.DLL
0x00007ffa42700000 - 0x00007ffa42708000 	C:\WINDOWS\System32\NSI.dll
0x00007ffa39450000 - 0x00007ffa39466000 	C:\WINDOWS\SYSTEM32\dhcpcsvc6.DLL
0x00007ffa39430000 - 0x00007ffa3944c000 	C:\WINDOWS\SYSTEM32\dhcpcsvc.DLL
0x00007ffa3fe80000 - 0x00007ffa3ff4a000 	C:\WINDOWS\SYSTEM32\DNSAPI.dll

VM Arguments:
jvm_args: -Xmx2048m -Dfile.encoding=windows-1251 -Duser.country=RU -Duser.language=ru -Duser.variant 
java_command: org.gradle.launcher.daemon.bootstrap.GradleDaemon 6.1.1
java_class_path (initial): C:\Users\ectuser\.gradle\wrapper\dists\gradle-6.1.1-all\cfmwm155h49vnt3hynmlrsdst\gradle-6.1.1\lib\gradle-launcher-6.1.1.jar
Launcher Type: SUN_STANDARD

Environment Variables:
PATH=C:\Python27\;C:\Python27\Scripts;D:\Programms\IntelTools\OpenCL\sdk\bin\x64;D:\Programms\IntelTools\OpenCL\sdk\bin\x86;D:\Programms\IntelTools\OpenCL\sdk\bin\Pin;D:\Programms\IntelTools\OpenCL\sdk\bin\GTPin;C:\Program Files (x86)\Common Files\Oracle\Java\javapath;C:\WINDOWS\system32;C:\WINDOWS;C:\WINDOWS\System32\Wbem;C:\WINDOWS\System32\WindowsPowerShell\v1.0\;C:\WINDOWS\System32\OpenSSH\;D:\Programms\Microsoft VS Code\bin;D:\Programms\Git\cmd;D:\Web\yarn\bin\;C:\Program Files\dotnet\;C:\Program Files\Microsoft SQL Server\130\Tools\Binn\;D:\Programms\Bitvise;D:\Programms\Putty\;D:\Web\wamp64\bin\php\php7.4.0;C:\ProgramData\ComposerSetup\bin;C:\Program Files\MySQL\MySQL Shell 8.0\bin\;C:\Users\ectuser\.dotnet\tools;D:\Programms\Python\Scripts;C:\sqllite;C:\Users\ectuser\AppData\Roaming\npm\node_modules\typescript\lib;D:\Programms\PhpStorm 2019.3.2\bin;C:\Users\ectuser\AppData\Roaming\Composer\vendor\bin;C:\Users\ectuser\AppData\Roaming\npm\vue.cmd;C:\Users\ectuser\AppData\Roaming\npm;C:\Users\ectuser\AppData\Roaming\npm\;C;C:\ProgramData\chocolatey\bin;D:\Programms\Node\;C:\Program Files\MySQL\MySQL Shell 8.0\bin\;C:\Users\ectuser\.dotnet\tools;D:\Programms\Python\Scripts;C:\sqllite;C:\Users\ectuser\AppData\Roaming\npm\node_modules\typescript\lib;D:\Programms\PhpStorm 2019.3.2\bin;;D:\Web\wamp64\bin\php\php7.4.0;C:\Users\ectuser\AppData\Roaming\Composer\vendor\bin;C:\Users\ectuser\AppData\Roaming\npm\;C:\Users\ectuser\AppData\Roaming\npm;D:\Programms\heroku\bin
USERNAME=ectuser
OS=Windows_NT
PROCESSOR_IDENTIFIER=Intel64 Family 6 Model 142 Stepping 10, GenuineIntel



---------------  S Y S T E M  ---------------

OS: Windows 10.0 , 64 bit Build 18362 (10.0.18362.329)

CPU:total 8 (initial active 8) (4 cores per cpu, 2 threads per core) family 6 model 142 stepping 10, cmov, cx8, fxsr, mmx, sse, sse2, sse3, ssse3, sse4.1, sse4.2, popcnt, avx, avx2, aes, clmul, erms, 3dnowpref, lzcnt, ht, tsc, tscinvbit, bmi1, bmi2, adx

Memory: 4k page, physical 8272016k(1696796k free), swap 8534160k(5904k free)

vm_info: OpenJDK 64-Bit Server VM (25.242-b01) for windows-amd64 JRE (1.8.0_242-release-1644-b01), built by "builder" with MS VC++ 10.0 (VS2010)

time: Mon Jul 06 19:16:26 2020
timezone: Томск (зима)
elapsed time: 17 seconds (0d 0h 0m 17s)

